2 171 112
3 11 170 135
2 63 282
3 72 125 238
4 110 6 12 176
5 146 121 117 205 1
3 299 271 183
2 16 292
2 0 119
4 87 230 239 192
2 212 199
2 41 67
4 210 200 3 66
3 107 40 101
2 245 78
3 127 95 79
4 296 279 123 247
5 58 166 31 297 270
3 122 68 165
3 92 29 49
3 103 156 278
3 214 185 90
3 150 277 109
2 218 10
4 263 118 152 59
3 44 204 23
2 288 178
3 148 43 84
2 249 139
3 241 191 264
2 197 131
3 8 5 106
3 105 172 46
3 7 98 132
3 298 69 274
2 50 265
2 19 21
3 286 209 30
3 116 281 124
3 13 27 61
3 136 188 114
2 285 155
3 276 91 237
3 157 163 81
2 261 26
3 4 39 71
3 174 102 142
3 129 100 151
4 294 86 141 149
3 290 217 35
4 54 287 77 2
2 80 83
2 147 42
4 216 47 9 169
3 75 24 143
2 269 76
3 227 213 160
2 258 266
2 275 268
3 22 25 120
5 56 254 154 126 173
2 243 177
2 284 252
3 60 14 250
3 198 196 223
3 108 32 51
3 187 104 272
2 246 219
3 193 273 224
4 144 283 280 293
3 159 181 145
0
3 18 96 186
2 88 194
2 260 235
4 259 267 231 94
2 161 211
3 99 15 175
4 62 253 70 189
3 134 74 52
2 232 73
3 48 228 215
3 57 233 208
4 202 207 89 229
3 64 45 206
1 195
2 225 37
2 128 251
3 295 291 153
3 85 38 182
3 137 226 248
4 82 158 289 97
4 167 111 115 55
3 190 93 201
4 133 220 222 257
3 113 244 256
2 236 242
5 28 255 17 262 240
2 162 20
3 203 140 138
