17 5161 8791 907 7988 8511 6821 4235 9877 195 8354 8592 2579 5726 5354 5960 5407 2669
20 3008 4099 9438 8193 282 4590 1253 3283 4514 3151 9791 6017 1085 6445 2554 1599 3126 8980 8517 626
12 2143 3602 6538 5695 1458 4498 4074 2740 9331 5979 7813 5891
3 2418 2019 5841
22 2536 9071 6082 1098 2766 1591 3141 9480 4982 4870 1990 4500 4131 6796 299 9555 6685 3172 5855 1653 5253 1558
22 5445 1121 267 514 8164 7822 6681 3154 5992 6604 1289 9235 3804 5066 4380 9622 5252 5846 8925 5896 980 8375
18 3197 4848 4153 1474 9031 9221 5154 9462 7497 8704 2487 7518 8924 4934 4041 8589 4976 3535
21 8189 152 6537 8667 3285 9884 6415 9643 6798 2789 5645 1906 5936 1744 411 7283 810 8174 5889 1614 3386
16 7399 4139 7643 7221 1368 7178 1781 2087 4419 7623 8964 3106 7269 4996 1865 8319
7 3030 6984 5913 2191 129 1444 9515
10 719 45 6354 3934 7204 4580 4305 9637 4057 5471
16 3281 2626 3433 5632 3372 6146 4647 333 556 6315 8202 7059 486 5198 7311 7393
13 1384 4455 7034 7684 4386 4609 7526 8269 9921 9596 9782 7356 9326
10 3696 4448 2427 1928 6673 869 5348 8211 8865 5790
15 8342 9657 2368 9379 6810 9384 6995 3337 1916 9066 9124 2070 5978 9241 5230
8 5424 1100 5158 3621 9734 8253 579 8119
18 961 5113 7602 506 6484 4675 9083 1727 7107 4732 3198 1270 995 4392 4054 5150 2609 3259
18 5018 965 9546 2209 2057 3501 5259 8986 9616 1056 5594 3125 7218 5867 2259 3931 4140 3286
20 2986 8915 5054 7808 6416 4893 2715 4620 4874 7175 9211 5081 5927 8802 1636 8487 107 7138 4606 7161
7 7891 2288 6520 469 6088 4911 8543
9 1492 5783 7209 8695 8851 6235 3293 6612 7025
5 2384 7303 5854 8122 8556
17 541 3783 415 6904 1772 4715 1033 3385 1764 4721 3179 3415 1935 1195 1488 9811 6016
18 9473 3092 7096 7941 1188 235 592 7978 7071 4650 7919 7241 1825 5499 6148 9650 8008 4799
22 268 1421 2108 5770 2901 7755 695 5529 9661 7302 7168 1049 7332 8714 7776 9931 8364 5942 4918 8 8374 3975
17 1593 5307 9028 4634 9607 3282 5587 2016 4122 4023 9501 5989 4600 4174 8666 6715 1642
18 1209 2519 6762 1603 9541 8863 6289 6124 7128 7027 4956 9525 3040 7423 9568 4189 6676 136
3 8670 1093 4243
18 8329 7690 2076 5031 4784 9826 7101 3738 6225 4425 5505 9841 4668 9703 8877 8580 796 4127
9 375 6601 7746 7301 9074 6680 2595 9224 4469
9 3578 3301 6599 9891 4509 8411 5485 1939 4120
17 1138 6356 767 8182 9230 8576 5943 1606 6869 6759 7264 4763 7664 913 1586 5046 7533
20 5343 1843 1667 6719 3646 7339 342 5556 1501 5274 1567 3873 5687 3774 1760 5634 1367 5434 1456 8710
13 741 328 1200 3026 657 6297 3714 7904 6224 3059 3642 6586 766
16 2324 9654 8353 2115 9998 518 6830 6525 3598 7747 373 3876 7317 1427 6242 4241
13 4742 8277 8079 225 2290 8109 5909 7635 1370 577 4254 784 4417
10 2869 2425 9538 7239 6463 6217 9656 4741 8641 1006
13 7499 1588 6729 2884 5899 9849 3428 6655 8360 3553 5985 1962 7093
16 8406 4558 9179 9478 384 1572 2030 9807 9618 8315 3548 8267 1788 5813 6241 976
19 3090 5285 6446 6647 8911 5364 6396 8471 7447 1375 8052 2201 6797 8706 2136 5894 8717 82 5063
20 5746 6741 4602 8037 6172 5062 3045 4382 6142 3316 7155 2367 5795 2647 7487 7540 5345 2697 5294 343
16 8640 9735 636 2909 8291 5600 433 1229 1596 7652 2510 2379 3143 5883 6210 998
20 7114 6764 1984 1294 3669 8687 9790 4457 2364 5000 7238 7771 3558 68 7074 4702 2905 926 3559 3289
19 2559 2714 3594 952 7998 6240 9798 9181 335 609 7029 7980 7261 5814 2098 7073 9909 1454 3679
15 19 2791 8426 5352 2753 7453 3803 1242 1552 1938 8508 2138 9545 5280 8131
20 3555 9306 3866 7323 8368 1676 6696 2631 3351 2084 3628 8971 2974 4975 5775 6592 1127 5580 8838 8430
18 84 9353 6407 9027 3499 9987 8383 243 5747 7855 2459 9756 1808 6209 1129 18 1226 2117
18 5341 400 7386 8058 4293 7940 8299 9862 6812 3563 5488 1244 5461 2830 5224 9714 794 7058
12 1784 4200 2518 8035 6630 8646 4582 3856 6478 738 8905 7482
8 6031 973 7815 8769 1172 5935 5460 6665
13 2015 985 4026 7852 6935 5142 522 6701 7136 2326 7537 566 1019
12 2917 4782 4318 2745 4724 4224 9103 958 4978 3413 9621 3491
15 1113 2852 7037 7935 5389 7529 1714 2237 8776 1713 9391 6300 9747 6093 7410
2 9393 9927
17 2941 9595 7662 9667 3761 2526 8074 9250 9348 2911 5206 548 3348 4983 5141 2157 5637
17 7889 3368 8742 7068 9240 6363 2197 6314 1975 4991 8066 3744 5617 7964 8538 2376 3021
19 2603 5710 8637 7172 3232 4236 8904 9779 9780 3982 8200 71 1691 7431 1374 8251 7057 4311 7182
9 5970 5562 9049 2302 7251 9467 7154 7017 8618
10 5222 6498 7811 1934 3645 3902 6583 8385 4424 437
20 4208 7685 3051 397 2867 7624 5911 5184 7582 4517 1011 8478 5618 3268 4416 3287 3819 9123 7719 2271
14 3743 168 2245 8118 1859 4853 1539 4768 916 4464 6777 6282 5573 1009
9 8179 1884 7745 7613 5895 9936 2456 1055 5244
19 5868 2126 7697 8627 6605 1029 1471 149 5326 7121 6351 3019 1462 8655 4530 5616 4649 8057 4592
11 8840 9273 9232 7120 6201 4997 5733 9389 7942 5115 9693
12 3239 2915 1186 9077 1532 6515 9147 4998 5395 9711 6087 8414
12 8204 4749 6639 9964 6610 2131 3486 7888 4408 5563 7943 737
22 4058 5656 1250 3930 4062 9143 5262 6522 7944 7531 3237 9865 6557 564 3720 9887 8145 3612 6080 8083 7111 7441
18 9563 2741 2360 7508 21 5785 3567 8887 7706 653 1520 1021 1731 9446 9876 5923 9736 7223
11 7993 2497 8110 6243 4821 7689 8345 8958 8317 124 923
19 622 6128 4587 7425 5824 6106 4121 5484 6332 3336 5270 2158 207 312 5613 6448 9861 8156 8154
22 9626 8020 2967 5135 2406 7894 9368 8212 5385 6846 1976 752 6918 3109 1659 4860 3275 6496 1118 5449 4553 3664
21 7929 782 7883 5642 5457 3854 2804 3186 9142 9237 2950 9416 4187 2085 9895 5549 5773 9787 5817 3656 9796
9 4494 646 2394 377 1922 479 7484 6349 6514
18 583 5351 8546 5864 5925 9431 3897 6145 5438 6936 7836 58 5239 2961 1718 2130 144 8921
20 4706 5990 4703 4410 8995 2095 5550 7866 1921 7192 6539 2965 7865 63 1821 5151 2628 3298 398 181
14 1315 6742 2250 3119 8510 576 3962 1566 4165 9119 2860 925 8012 4483
12 6831 4938 1977 7576 3710 3031 614 7939 5975 3224 5653 6721
9 6466 6377 7955 7044 6782 8043 3255 6507 2163
18 1560 1686 9075 9641 550 2345 2244 5561 9605 4252 5053 1039 7300 1086 2914 4267 4479 465
22 61 9078 9795 8445 3609 777 5073 4279 2062 1291 7583 7124 2871 6362 7992 526 3633 1295 70 2200 7766 6439
5 3647 712 5688 5545 6994
11 1178 3431 6310 6100 5788 6468 7885 3762 7702 3858 8862
12 6252 7212 4081 8455 3728 5264 7696 1813 6294 4296 6458 8740
19 1867 1873 4101 8876 876 4642 5582 9460 6854 3178 162 7023 9365 2902 6598 900 3677 2300 9573
21 5881 2975 7870 2825 8014 9659 5976 3078 2563 803 4946 5078 5275 1241 6028 4179 7343 8282 8429 2847 722
17 4546 248 3554 595 4834 536 3070 6619 3077 7021 3161 6964 1878 3492 2277 8332 4622
15 9449 3568 6928 3788 3670 8600 3206 4294 1336 410 4383 5737 9396 295 247
17 6884 8348 6066 4892 8004 9533 5339 3217 6766 7054 1490 3626 3734 6693 7215 3688 9532
3 817 8554 1880
20 658 6735 8272 9741 7918 3137 6176 855 1358 8461 1347 9404 2725 6136 6032 3522 2280 7335 5666 9472
20 4078 6703 9647 4775 1389 4378 6772 7286 7853 1740 7063 5401 6506 1174 2369 7324 6435 5296 1293 3478
7 2774 2112 3429 1067 3894 9146 1722
18 3817 8848 4940 7187 6769 5704 7798 8050 5149 2331 4304 6976 9873 4908 1837 6959 298 3883
19 2735 8021 1175 4986 4400 7778 7262 1277 8197 2295 1131 9750 5459 4077 9781 635 6258 8171 7173
5 5491 35 2404 5441 4268
15 9649 2305 46 6737 1117 1428 5767 5216 9978 4754 1183 340 3809 5037 5578
16 3253 1913 1110 3155 6684 67 4890 3455 8920 6847 3523 264 7694 49 4808 807
21 1273 2780 9116 2473 7762 1264 3556 1383 4188 361 7388 9762 5119 3768 8409 8899 4434 6401 1356 5714 8870
18 1635 6455 330 2857 6915 8746 4038 6625 9848 7095 9883 1895 5834 644 648 8080 8898 8947
21 297 2000 5043 7515 7573 1292 5155 5640 3979 5877 2980 1578 3318 4116 2188 5146 8657 9196 6246 9589 4177
10 1625 3362 3526 8604 4952 9257 5044 7228 5029 464
14 2008 3193 1477 2816 9856 885 9343 4284 6700 7905 4886 4962 2410 224
11 9847 2440 4070 3504 7290 3002 2133 3781 4897 9227 1948
19 3667 4867 1994 2235 8155 7466 9238 5801 3635 9933 4513 2202 4361 8825 5731 540 5342 6364 8331
9 8292 2333 2160 2866 3131 1122 6889 5833 1015
4 585 9459 2408 8113
15 7687 5757 5779 8609 1391 3751 8881 3452 2517 2666 3998 1445 9339 1225 5254
18 606 2742 1508 4366 5221 6974 4632 9686 9437 2890 8206 4466 4129 111 6096 3349 8482 5857
11 6198 146 5193 4773 6378 1668 3088 4393 757 3892 2818
22 567 2118 1693 9177 3258 130 5768 2137 1075 5728 5522 185 3223 8443 3183 5197 6193 8790 9454 4883 9176 4292
12 549 984 7777 8956 8026 4329 7427 3422 4339 8959 5723 9380
18 3826 9944 9477 5622 1179 1960 2104 7483 6543 6860 6626 4239 4151 8716 2064 4811 9834 9430
4 6412 4880 6544 710
23 6740 5377 5428 8981 6301 10 6785 7402 8822 8623 1807 6295 3094 6723 3932 7681 8321 7722 797 9560 3093 994 5606
19 4842 3512 4372 2665 9812 5201 9397 4032 5320 5840 6949 404 3456 9069 6501 8130 4242 7968 2926
17 8630 1518 6261 2075 2769 279 8673 9946 2894 358 8744 6084 6236 8092 1303 2196 2007
18 6822 6245 3524 1709 8591 3052 2068 4076 9786 6229 4110 2069 7338 440 1095 6569 3514 3631
20 2571 5214 3680 244 8638 4722 3340 1761 5986 6823 5754 451 1615 7756 2878 3872 3637 3987 3838 1652
15 7180 7116 8937 7633 9324 5353 1037 8231 7639 3273 6005 7951 2221 8001 2169
14 6745 4075 6629 8141 4974 5164 287 3678 8837 99 6368 5839 2998 8490
18 5497 9503 1152 8245 3323 9967 6249 8439 2752 6577 5781 1506 5791 1495 3417 9259 170 3204
17 8376 7768 1324 7275 8063 2139 4442 7976 1696 2895 858 2481 944 5204 2421 4273 3903
18 3580 4403 9222 5219 5534 9015 3277 1786 8427 1321 3900 5752 8056 7214 4729 5159 8674 3749
12 88 4084 9410 7872 1392 582 6116 9239 9683 8399 6303 9803
8 9405 9985 2346 2307 1952 7163 6944 8726
13 3564 7446 1968 2011 5608 6306 8166 1953 5577 253 2420 641 7375
20 2426 4686 1902 1331 9516 538 4669 6184 171 2433 3481 8417 6500 7358 1354 5048 7717 401 9024 9374
21 9409 8536 9923 6213 6476 819 8108 4218 2389 2199 5832 2101 2650 9529 9590 597 7416 3797 2152 8884 5225
16 6199 6756 2896 8827 285 4692 2308 7550 6371 2249 1848 2361 2593 7133 8185 8480
18 7088 4957 4497 9963 842 8481 257 288 4900 2195 3600 7559 9984 6986 7673 5647 675 4929
7 2738 4648 2031 4636 1255 3661 4471
16 2247 3191 1746 6999 1946 8935 8969 8165 9471 3023 7157 9922 9771 7395 1479 6518
22 8024 2605 4291 2930 4398 1197 6883 5664 6205 8381 5639 930 5414 3941 9008 2080 7938 3671 9792 6465 2770 2508
21 6277 3510 9527 5952 1531 953 5523 2546 414 8680 7240 1385 269 1366 2301 8352 667 5659 1544 7714 1378
15 4839 8328 4050 2686 2556 1061 7089 5784 9373 2888 2594 1581 6052 2227 3458
10 1005 6856 494 9089 3079 3689 262 4849 2617 4325
19 187 2642 127 3909 862 4330 4688 2144 1171 4370 8305 3956 8570 9197 2372 5926 3310 1892 3279
25 1335 3565 9457 6163 3754 8550 4486 678 2268 8997 6773 1469 3000 9699 7336 1099 9794 7170 705 7349 9296 5494 4160 5179 6063
18 1170 677 977 4089 8491 7842 17 9506 5980 7306 1829 4680 7989 8923 251 2243 1139 1929
8 4214 3760 6725 7977 2592 1254 3069 5273
13 7849 3104 2802 4433 7205 6043 8415 9930 963 5035 6276 9261 1998
19 9619 8484 8575 1349 1299 736 3212 2749 8927 6988 8818 3033 9036 7083 7202 2786 7649 811 2055
16 1860 9947 9202 2320 8533 8159 6451 4487 1753 6600 7514 5454 3302 7739 2815 6441
17 9216 1959 2424 4211 6864 4840 6397 7591 5905 4581 2953 4751 9601 1141 7002 910 2691
24 713 4202 9065 9639 6987 8814 3963 8649 7024 5778 8068 4681 4176 8172 8358 6867 1694 9200 5162 421 2224 2608 4013 5501
15 7398 3403 5107 3098 1016 103 9939 5552 9218 1621 7439 5893 8751 1881 9910
17 4525 206 7574 6966 3896 7305 8916 9534 6187 8992 8651 1851 954 2811 1404 3464 6834
9 9820 4011 7803 6950 2598 3046 8106 3589 6997
10 8029 6454 4503 1166 9006 4747 1140 9609 3500 4725
16 3540 9100 3507 859 1749 6938 7670 750 8514 101 623 131 12 4904 8939 9906
14 7109 7250 2728 9034 7304 5843 2083 1759 3698 2703 3035 4157 5819 7825
21 4150 4285 5170 7971 6391 2614 5651 1964 731 8729 3018 8966 5736 861 5290 3727 1202 2211 4197 4490 3528
11 9283 9349 4917 1732 8255 1437 6535 3898 6461 5455 4750
12 5335 2539 9251 3771 2750 5079 4287 1481 3441 7166 8622 2530
19 2026 7246 9678 105 3597 2959 4265 1450 5220 6174 2091 4598 407 9217 8934 6019 7391 7042 7036
6 2465 209 3906 6359 1159 4476
19 1674 4575 164 9561 6683 7627 7510 9318 4210 2454 1754 4922 8626 8238 2671 9797 2794 8552 8019
20 4090 7683 2600 7882 7207 6103 395 9351 2978 322 2685 6511 1706 6792 9606 8891 1966 7568 8098 5538
21 5027 2230 9286 6512 4247 163 5804 8544 836 9162 6014 5605 9323 8322 4367 8942 6343 9648 8311 9918 4432
16 6381 6352 6357 3181 8097 6602 7708 7292 5589 7139 5755 3020 265 9608 3378 7899
14 5034 9105 3701 1369 8798 3295 1741 5384 2378 5118 1936 7348 307 3638
20 7435 8629 135 8419 9033 4034 2164 4734 2561 9727 6530 9591 3764 3306 3118 229 2606 5977 1701 2755
20 8731 4016 2639 2128 275 8598 6983 6565 9295 1673 9096 393 3350 7544 4484 9676 8797 4759 4 3586
17 6456 9485 6618 6838 5519 776 3359 8512 8975 9713 9814 2353 8683 5362 8232 3690 6453
19 2883 2537 2409 8378 2810 8895 238 9183 7528 8201 8365 7426 5928 7359 6007 8488 4779 5865 5944
19 2296 6634 5660 5514 2534 6726 5308 4237 5157 3503 1730 6144 1156 5776 4610 4310 2821 8327 1823
19 2432 7546 6089 9980 4564 7796 4562 9498 8169 2148 9755 2155 6887 6046 4303 9552 1327 9937 7115
17 6541 4477 1679 2722 9767 77 6061 786 2405 110 6214 8949 4728 4308 4506 3043 8850
22 3629 9289 40 5074 5210 3339 3011 2721 3074 5993 1032 5153 6732 36 1185 2318 8943 1120 3871 690 9577 9304
20 7156 1904 8595 7715 9073 6140 2945 8906 3391 3330 5542 4737 9615 9942 9309 4363 602 1147 1909 9827
20 2061 5620 5267 9842 5014 2693 8976 22 9091 5739 3519 3517 2824 3800 8180 1549 6311 7350 234 2922
3 2641 3202 9354
20 2695 5433 8493 4550 8136 7547 7790 6763 6754 4674 2499 337 2638 2795 2067 8095 7051 7784 3185 8535
17 1407 4629 7806 2125 1065 9244 4152 6691 5826 6690 1360 4275 1728 763 4695 9635 4091
18 6916 315 9634 1587 1062 7503 1911 7651 3130 3980 7201 4678 3297 9986 9486 6968 1137 3755
9 7956 956 1738 2667 9911 9056 4009 6733 2939
20 4387 5954 772 1259 7167 3846 9919 6679 4097 7400 5333 9236 1107 143 2704 6107 221 1751 8087 5108
22 7129 1030 3083 3966 5866 3981 7267 1073 4351 2991 7371 743 8900 8677 8658 5207 4261 8648 3923 2073 4018 3723
14 8950 1509 3829 5670 4916 613 2494 3599 7767 1484 1149 2550 1961 6603
22 696 8796 559 1846 121 6056 2621 9152 8763 1351 5789 6370 5412 5056 9058 8893 8861 7814 6434 6073 2441 4955
17 4008 6239 908 9490 4368 3551 8048 2493 6611 9094 834 4633 3978 8384 535 9700 5543
12 8739 7355 5 2071 664 6275 8451 5735 3014 778 4803 8301
18 8708 6951 3818 8860 8103 8662 7259 5862 7753 4933 9356 9715 351 9567 6051 9818 6750 7460
10 1866 2033 5116 7075 1987 7744 7863 5973 8808 4103
21 9325 3108 8785 4130 3624 6519 689 26 53 974 4817 8944 3810 8467 429 1868 7950 2103 6993 2286 8654
20 6068 9602 935 9928 7501 2024 4251 3397 1446 5463 1616 6852 9551 7181 9600 6998 3652 447 3110 6170
17 8435 8573 2059 3290 2048 5725 688 7265 8936 7030 7200 362 4556 7869 5311 6365 9970
16 4984 5036 5400 9644 9136 6540 8221 3730 336 2855 8235 9203 5316 438 8123 9517
15 8102 7245 2706 6386 9001 5278 9231 6947 5346 2968 3015 7039 3945 4220 9673
7 4637 5240 5371 5223 1849 4390 7986
21 9452 4875 992 9539 5709 7542 255 5284 3700 7656 9204 3355 6668 6551 8639 3835 792 4364 7751 4909 8847
2 7948 5020
18 6695 2963 4207 3057 3165 3505 1871 7626 8061 7930 5648 6419 3053 7307 3995 4162 7123 4042
13 311 1353 160 7295 593 7481 3922 3576 4540 9499 3860 472 3969
19 4495 7337 4607 4415 5302 1461 5122 4067 914 1782 5696 3943 1413 2058 3048 9271 8762 9390 240
16 7711 513 9949 5100 7817 2063 3536 4621 7345 9663 9519 9956 6323 4522 8612 4319
20 6706 7567 4541 4888 4623 2607 7142 6436 1818 1025 7578 551 5643 5961 3322 4399 5443 4554 9334 1569
12 1447 4920 8403 8151 5782 8553 5127 4083 7880 3571 3611 8874
16 489 3160 873 8162 7545 6549 4480 3899 2625 7437 8369 2833 3080 5312 2618 4865
8 7957 9575 9604 4588 4640 2744 2262 1114
19 8420 481 1797 4356 9611 7488 3948 8692 4092 8931 7974 2027 3312 5924 788 176 9494 6257 4338
11 7657 4065 9358 7326 356 4276 3545 6079 7925 7480 5067
6 6961 5480 3836 7881 6271 7937
22 3988 2957 1 8809 4711 1822 2109 5357 8015 3376 2257 6233 7596 7144 8625 5410 1903 5051 7035 4286 8527 1410
20 5693 7479 5764 8125 6423 5061 8593 4280 7330 6227 9726 236 7469 204 3274 3184 9387 4790 6748 6613
19 9996 1684 5088 2906 5323 5462 9155 4845 5168 5456 8972 5807 4488 8723 5750 9642 9025 5900 6479
10 2576 6752 640 9044 1478 1940 901 1633 6595 3812
17 5440 6125 8421 9408 9370 9624 9378 3145 9293 5203 6894 915 4401 6621 5599 3687 6350
19 8932 5875 6771 6886 5951 8486 6120 2923 1371 3682 2672 8340 4812 427 3529 6112 9717 4133 5370
21 5934 442 3970 1523 9248 2630 3213 467 8107 9386 7973 9047 3889 2716 9013 6177 1288 1898 6840 9860 5672
16 2135 933 8953 1464 1342 4626 6755 1092 1196 8084 5828 1739 8096 8468 7524 4716
19 3869 4405 4971 4559 4459 9092 7725 5468 3132 7780 5797 4670 2962 4743 5435 8090 8279 5446 6650
17 4894 4164 8034 896 7276 883 8460 5004 6226 7966 1329 2763 3244 7845 504 4422 9520
16 6002 7927 3082 826 6460 3135 9739 8495 798 4427 8132 7676 2145 6348 962 8022
12 5218 951 1381 9063 324 2865 1698 8089 8613 8265 1547 5504
4 6913 3022 2053 5174
16 8698 41 9815 1346 3905 5180 684 1486 9531 5327 6071 6194 3964 4337 2032 8210
20 4260 6851 4656 1211 7931 7004 8516 8199 8436 1361 4341 8839 2929 652 2734 4570 9014 4641 2516 2659
10 8489 8158 7787 177 2966 4113 3127 7909 8278 9677
11 7108 9748 4771 2701 9415 9088 6417 9540 662 3863 9770
13 1757 4404 572 3062 9496 987 5411 3221 1956 702 3928 4145 2658
3 5716 1002 2528
18 4788 5344 7176 9843 201 8013 7752 604 6010 7491 5555 1173 5130 3787 7831 4568 2208 8069
21 957 5732 552 5087 8691 5373 4168 4878 3913 50 9312 7233 1333 2637 6631 3369 5077 8607 2864 9776 6185
9 5902 3601 8309 2900 4930 3685 3271 8775 4941
11 1040 5917 9684 1246 1274 4599 9266 7618 5760 6 4124
7 7799 9524 3338 3210 3341 1579 2276
21 5885 1792 8665 1008 3450 9908 9163 8524 7521 3448 6827 9201 9399 4215 8256 4504 140 9223 4049 3591 2509
19 9901 3411 7579 821 2467 6642 2400 7288 1682 3684 205 3953 5030 1795 7268 6250 8541 840 231
20 1664 8816 6270 6248 5635 732 9774 5258 6219 8234 2097 8041 6095 5325 4563 9690 7183 790 1472 2627
14 7561 2673 4302 2373 6542 3473 7405 3004 8914 5190 9999 1287 9765 8582
19 9514 2690 895 8173 8928 1612 6447 1387 1882 9447 4748 5987 8977 8781 5676 8100 3681 0 6919
22 8586 7430 3615 7729 4879 2054 4019 5026 5313 7351 6697 4102 5863 2616 1400 8611 9898 6702 4901 2312 5592 9638
9 5300 364 6166 5531 1767 8836 2170 3304 8606
20 5237 3475 4664 7415 938 112 3392 261 1989 5614 2868 9059 5319 5126 6761 5669 3792 729 9317 5848
15 2589 5892 7203 193 4594 4453 5470 4000 6320 5820 4972 8139 5581 1115 6113
22 9052 428 6638 9981 1942 3476 6452 809 1926 4560 2555 8002 5363 1238 3240 2349 5972 8507 5596 9277 4332 2664
20 4435 8191 9896 2846 4654 6779 2452 1314 2719 5763 9245 8733 3954 1798 4766 9432 8195 1536 2773 2813
6 4511 5234 7411 9424 2397 9287
23 6767 8285 7698 9130 1504 4539 1870 7538 7018 1116 184 6027 6347 2010 3713 1249 9413 2503 4269 2836 8137 8337 4538
6 219 326 2997 4696 5526 5903
13 8518 1640 2981 1328 9716 2396 5956 3389 2342 960 4181 9169 8433
16 6815 6475 9833 484 8974 7599 7720 9961 132 588 9777 289 5812 7834 1522 5318
10 9670 5539 2578 9822 6134 8307 2344 619 7408 9530
12 4644 5818 5490 4182 5492 323 2450 6534 443 2814 3064 9476
18 4056 7637 6563 3099 1069 7857 3992 1468 9697 5607 339 3246 4095 3814 6074 3702 6470 3032
12 29 8868 7730 5310 8051 7620 2633 7819 1670 1623 3324 9359
11 423 6849 9925 9760 7821 9689 3003 8152 316 8308 7601
11 5299 7648 1755 9440 3895 8815 8903 742 6990 4719 4949
10 3168 6164 2570 1046 2612 4499 6820 5475 4831 5059
19 3596 5777 9135 2292 2229 3039 4569 7179 227 3158 1737 6781 6954 2726 9668 3520 4731 5825 3120
14 6747 7876 5303 2119 7873 365 2933 5512 5080 5128 5742 392 5939 8350
10 6135 8157 7086 2952 159 6597 8218 7615 8841 7581
14 7028 9851 9874 1529 6661 2475 981 7485 966 3971 8948 2457 2203 3346
8 4873 8192 4757 73 7310 5753 587 5265
18 9707 3910 9832 7342 350 5694 686 3511 5106 1780 4240 6835 6899 9719 5685 8572 3741 5631
18 8209 7406 7255 4862 3227 5559 242 6829 4963 25 1126 3248 4161 5322 2730 7112 8044 5571
19 3607 6473 9171 3315 4628 6231 8270 7331 3076 7838 4118 346 5588 1044 2490 9336 6057 9977 5988
16 8302 753 5374 3570 936 5139 7588 9957 7921 8196 5916 1927 3084 5644 5147 4158
3 4536 2736 9117
16 6607 871 6868 6891 1094 2662 2553 6388 5873 8633 9953 2823 259 770 6559 3618
19 1838 9559 1910 1762 7805 7592 7754 1395 9816 3300 7832 4191 605 4142 5121 7079 762 7289 1304
19 3149 8198 4613 5674 4552 7145 6253 1071 6617 4031 1650 2222 9315 9398 7450 4375 3627 1514 1573
11 499 6126 6464 5378 3427 4412 791 9129 2337 6288 1646
12 4882 8574 2216 9062 3086 4492 4864 8036 8982 679 8770 8957
16 2748 5487 318 1779 9298 6622 6996 2995 4333 5585 6687 9126 7902 3388 4683 8120
23 3384 8254 3532 1943 2264 6728 3201 78 1901 3916 7541 5448 5823 7892 1483 3423 4283 3745 16 9061 3264 1318 4374
11 8520 1963 4595 6344 2040 3977 618 4312 6105 2430 9915
22 6952 9757 3054 3261 5564 9157 4219 4547 5502 2500 9802 4612 2120 2472 5871 5521 6317 1809 5055 3012 20 4186
19 5112 2520 1363 3949 4163 1924 8126 9366 3142 7584 7961 2572 7033 3733 3886 13 5436 6585 3850
4 7013 4618 4040 7252
17 3579 9385 7642 9553 4472 6824 3150 7734 1974 2757 4526 3662 9253 1216 5949 432 5682
19 4475 507 5844 2023 612 8755 9428 4710 8336 6077 6667 9108 5038 3864 4994 2886 8260 431 1805
18 3167 1580 5291 388 2636 8475 1322 139 6372 3497 9445 5912 4814 8685 5248 9484 4446 6819
20 222 2293 9345 2654 3799 2034 3256 8873 9704 3920 668 7060 4342 651 3303 4288 7959 9451 2049 7049
14 4066 3779 3542 1631 691 2842 7809 2970 8724 5368 2880 6266 5125 8147
21 3651 2401 9681 403 969 8760 852 1905 7016 3935 8528 8805 9455 9528 390 7603 5065 6045 3518 1951 5646
19 6189 9628 4137 5238 3874 793 1337 1275 4460 964 7995 1950 2428 7828 3056 9280 2193 7496 1088
15 6843 1142 9712 9858 6067 8883 3959 5249 1516 7646 1035 3801 2001 1157 1546
20 9046 9804 546 1429 1470 65 6495 771 9269 3296 5331 7473 1877 480 746 1060 3238 8372 1306 3562
20 5769 839 5409 6094 7498 3610 7062 806 9193 1463 6675 868 829 1108 8913 4231 1084 8897 5931 1887
20 4601 5698 665 9492 5724 4397 5630 3356 5420 1382 5098 7294 6564 532 630 2251 2908 9764 5547 3380
18 6485 409 448 7010 523 1045 4456 5527 8344 2358 8567 1388 1405 8349 5745 6731 2165 1190
18 2327 212 8955 2044 2045 3305 9167 7090 1827 7917 334 7003 6624 4229 1390 8142 4823 2845
21 1734 4830 3465 7900 2154 4106 3893 8532 7875 632 9367 4576 5015 8894 8046 2946 7489 4723 5047 327 6221
21 3311 5006 8042 6814 7118 8542 6443 3269 9593 4173 4082 888 1268 5177 7688 6606 9971 8879 9938 3994 9916
11 1724 368 4827 3153 9491 3189 3604 4700 1473 7731 2225
11 9140 3807 8523 659 8416 6104 1624 2486 3041 3405 2839
2 9463 4887
20 6654 7224 3194 294 959 7132 5102 3630 8676 9522 6720 1608 1607 7593 6770 4315 669 1290 5408 8217
16 5717 3102 5033 7924 6712 2443 5421 6180 727 6154 9279 1571 9840 5148 2940 9878
19 8459 4482 4227 9789 3672 5786 2478 4614 3214 1611 7031 781 7038 7390 911 7606 2253 1699 616
19 9679 5948 7248 7912 9458 8033 6114 2437 7718 4915 5483 8771 7671 6616 1680 5202 9369 9753 6467
17 6633 3050 6589 9264 3308 8140 5072 5575 3387 2239 2226 4022 6482 6955 5057 2862 5953
12 7020 7666 7152 4944 5105 7147 2094 5003 7996 8424 5415 3985
18 9976 2036 5422 2434 3124 1475 1051 5039 6171 1296 9395 5257 496 571 7658 2194 7600 2544
16 672 1251 9769 233 9488 1505 2858 7421 4931 9007 6390 3644 4697 9940 5476 2586
11 580 2041 8116 189 5176 2844 7505 8115 3960 647 2951
21 7455 1218 601 9655 4653 3752 7566 4290 999 547 7549 5796 5633 1089 6768 5673 1582 4079 430 4951 6260
10 9313 4048 9372 1036 270 6355 5836 8222 1301 2172
22 1024 6425 1496 544 7609 5872 9943 4262 94 8286 7851 3034 8577 4676 4132 1662 5749 1425 5591 4451 6853 7700
19 2079 1221 1557 1537 6850 3454 4212 8569 5419 3805 2918 2022 6992 4462 7963 2853 148 6576 3620
4 474 1515 9377 2463
17 1794 6526 6197 5379 134 534 4619 9958 4015 44 8985 8568 3914 8503 1191 1677 9281
13 8878 8281 2003 6837 3472 7981 9443 6335 8275 5652 3984 5398 9536
17 4781 902 8682 1985 5099 6296 6682 581 7969 2162 4306 2258 4534 5683 4134 2423 9004
20 1066 8073 7816 4939 4357 4992 2398 9688 7571 7258 7858 4271 9016 5609 7850 197 6844 1403 1064 5334
10 6160 3058 6034 7761 509 9754 801 9914 7235 1931
19 7104 8224 5156 9900 1096 7368 7046 4578 471 9053 2255 5266 3716 6099 7413 6981 2185 6931 9172
17 6263 989 660 9564 3694 5140 7100 9212 2354 4573 5884 8276 9585 2610 6533 2449 2897
18 9752 3603 1182 542 6157 800 7340 3352 8584 1214 5084 4178 1076 971 3868 86 8363 6060
13 7913 363 1925 2028 3357 4402 8499 9875 8684 8386 1350 5536 805
13 4098 4154 6648 9019 9510 8678 9885 60 341 383 1052 7789 4662
8 2942 332 2602 9082 9436 1933 6960 7733
10 6670 3319 4854 115 3394 3592 5104 1854 8845 4868
18 303 2356 4639 7014 586 1590 9148 7354 5416 3081 3884 3063 1128 6291 4841 302 758 4987
18 166 4352 2189 186 5068 5921 220 8261 5110 1205 7053 4298 2985 7611 108 8226 5390 3643
13 273 7779 3459 331 8907 7695 6230 1153 1219 9184 2329 3347 1300
3 1135 1087 557
20 700 1997 6967 9952 1638 6920 274 8304 7377 8885 4671 5528 1708 2529 4968 9168 1576 3712 1082 2597
16 1227 150 9620 9364 4449 3757 866 1310 3399 3660 3777 3361 8757 3440 8497 1344
21 1630 4223 9562 5719 1239 6727 8366 3877 8725 4852 8076 9732 570 5418 6408 182 3950 5138 749 7527 6494
16 2949 3116 2809 9810 7788 1824 7932 7844 6109 6022 5974 7127 2993 3390 9614 3480
21 372 2782 8504 7256 9962 2192 4096 8236 2532 7860 2294 5524 4765 6554 8756 1542 2114 4354 5623 5798 1562
15 6912 9207 3927 158 3726 7 5740 7257 5560 5429 4324 4531 5874 7131 9131
11 1605 9012 6000 6346 5009 7532 8741 6047 887 1058 6686
21 113 9799 5751 9566 4800 9859 4394 8289 2955 6774 2700 2269 5842 9243 3683 4813 8910 9 6212 2322 7467
17 7070 9109 6962 8743 4033 2994 1136 116 8875 8356 6487 1380 1991 9775 4203 3965 1359
15 5808 9666 5347 252 8296 2248 2375 8400 9278 6318 5850 2038 4923 5774 835
20 3049 4233 4665 3759 5567 8502 6775 7007 8817 6776 2785 2678 6524 167 4108 9048 1958 6433 59 3402
9 6662 9064 8030 3247 8339 2218 7879 4919 8824
18 1879 6313 9844 7949 2513 9479 7560 2768 8347 6510 2674 625 8712 9178 8702 6895 301 5821
19 9888 9495 3345 281 1012 4543 8067 5002 4925 628 5677 8561 8423 2629 5806 8216 5232 3887 1343
4 1013 9297 3539 9320
23 7846 9511 5830 1338 3997 9300 8428 3449 1982 7653 5217 5196 6432 7667 1526 7826 7539 1419 5269 5964 1312 3665 4281
21 1992 7785 9242 9132 2558 4856 6488 1720 4746 6509 2820 4192 642 1575 2746 6302 8849 3113 2540 3880 4891
13 1874 3195 5568 7486 3412 291 1858 2807 9067 8602 8091 7001 3284
10 157 6159 5503 9151 4221 1897 5464 863 9868 8054
19 8086 1723 9276 6013 3425 8017 3447 7076 470 5215 2347 1091 8208 9294 488 9214 3857 3097 2273
15 2944 9208 2808 2205 4950 968 9788 4436 6760 2870 8441 9960 4778 1841 2848
17 2928 4666 4274 1193 8186 8540 1130 3832 5675 8280 344 9342 2469 389 4149 2492 4844
17 8774 6413 611 1436 3421 2025 3550 1435 4730 735 7997 9745 8389 1645 9198 5876 5697
20 4428 4635 4869 2613 3434 4114 9302 278 4993 9682 2733 6787 7185 2002 747 5657 452 2161 2843 7069
11 7186 1973 748 3383 9587 8853 8053 6358 1847 424 3313
16 568 1181 379 8590 2461 3525 8215 9032 2363 8765 246 2310 1619 7476 3724 1247
20 1414 7554 8768 9357 8857 5247 6444 1649 3484 1618 2334 4889 7979 6278 3071 8223 2219 9646 4295 9569
22 1637 5540 2140 2640 7830 6722 9783 537 4567 2876 8828 3834 6553 5144 8456 9808 1158 899 4785 8138 321 7404
19 6658 9255 4396 9742 1820 4086 4272 3494 125 9350 7590 3171 1574 2392 4859 822 2806 4185 1923
19 5381 4109 6026 9375 4371 5910 7672 3763 5558 2903 2873 1919 9308 4926 3162 8295 3140 948 4320
19 5213 7082 9702 352 6389 9583 6861 7177 6707 8387 8732 7835 5423 1594 371 1341 8941 7795 5859
21 7141 2681 1240 7922 2979 9228 5301 4899 9113 9821 1622 3878 7887 558 9580 2747 1726 5718 9215 4350 6191
21 7463 7102 4017 8288 816 366 7781 9470 5852 198 5286 8457 7126 8619 7617 955 296 2623 7896 8463 795
12 6649 8346 290 6580 1476 3765 6223 8031 4898 9448 2177 5173
12 6663 5466 7085 2817 2362 886 7794 4301 5515 2491 1983 7011
5 4059 5535 9951 3842 5982
13 5086 9890 161 4756 2065 7680 4073 9630 6204 7723 6090 1758 1038
19 4379 1215 454 7440 5191 8621 6486 7137 8006 3344 6623 1540 3219 9439 783 3533 2656 6789 4047
6 8787 8088 5361 7824 8594 5665
20 5192 5369 4409 7278 118 7727 4358 4660 4535 8442 701 4936 9076 3407 5432 1213 9507 7772 1210 2840
20 1305 1010 5017 2527 6677 4473 9403 7820 7500 2489 3087 5231 2562 4726 8501 562 2764 6273 3718 9831
9 2507 6058 1886 2173 3509 2037 7507 72 7773
16 6965 3199 3215 2043 890 698 2850 3613 2936 5330 7736 5467 5787 5811 7565 9097
20 55 5621 9381 1656 9994 153 2204 7160 5022 4961 6640 573 2446 6872 8005 6573 5551 7151 4277 1003
19 5572 5228 4326 1643 2958 5329 8064 453 3152 8526 2514 7199 764 4760 5024 1641 5661 1207 638
3 7325 3848 5293
20 6418 2856 9419 178 1768 8871 2498 9355 5233 260 3013 2646 6037 631 4444 5095 3957 8371 7906 6152
8 1978 8973 7604 9701 7898 1626 2819 2983
19 789 3775 6178 2370 9955 7106 6590 4001 3582 3382 9893 6934 2987 1285 7008 2210 455 9990 6111
19 734 6615 97 3075 6678 8284 1750 1164 6545 192 3831 4707 5822 7833 9307 6635 329 7586 8700
14 9305 4507 6744 9021 2484 603 860 2005 9005 4510 2287 7985 2238 4156
17 3025 1430 843 8407 4343 8764 1783 3235 2834 6086 4945 3706 6499 6594 9210 6521 1212
21 3697 9382 6705 5082 8780 8007 3699 5625 5175 9664 2826 8405 8393 6828 6153 4795 1043 2100 9311 5629 939
17 8758 8143 8390 6055 654 7517 4216 3695 5145 3766 3703 598 9383 6151 8178 1510 9766
18 8962 8653 7216 2388 1104 3561 1736 3010 6948 5741 5595 1661 4193 7158 1231 2683 1972 6917
20 3005 95 3502 4699 2565 6898 4340 1814 3674 2943 1853 1434 9892 7242 8124 2689 1452 9461 6492 2724
17 9979 4586 8273 8998 8819 4518 8242 539 2772 1894 8483 5246 9759 31 5758 1261 3569
14 1735 3921 4520 6704 2575 9115 460 7954 1398 637 4735 9993 5508 9329
18 7064 3354 4024 6832 9584 6866 304 6505 8513 7800 9989 4169 3944 8663 4691 9120 3229 8453
20 117 1651 1487 9912 1831 9022 3595 663 5019 528 2371 226 5762 9206 1801 308 1408 3042 7758 1705
9 7877 4807 7492 5241 6932 6036 1411 7760 6644
15 7864 9556 497 5914 594 3242 6175 3365 2029 8474 6049 7878 2604 5404 3111
22 554 5500 2663 6274 9592 4055 2580 4881 6117 4501 9344 5277 7895 2849 6817 7946 2521 7953 9850 3400 590 2134
17 2106 6192 9579 434 6325 983 2971 8709 1007 1675 3100 3254 7597 5431 6978 2964 3619
8 3608 416 446 1812 8636 7374 3335 4069
12 8184 6689 4148 6330 8355 8707 3128 2252 2113 3719 1001 4348
16 7861 6307 6550 3904 2121 1748 6926 5117 5597 1187 5930 6671 7244 1080 9599 7432
19 3575 1260 9872 6062 2796 3115 8933 6130 309 8753 2699 9973 9099 1517 2096 3327 1570 3107 1559
21 3918 4833 4299 9068 4617 7271 3007 6730 232 4190 7914 9674 8697 2381 3485 7625 5338 6477 8581 406 7472
24 2020 2422 7382 6374 4213 1417 4282 4701 6038 5166 2254 6628 1678 5355 1704 1103 9051 9660 8183 8168 56 6664 3218 1020
16 3307 9813 6316 761 2240 1979 6211 4851 6339 8669 4468 2267 5111 717 2488 8994
7 9003 2881 1583 5298 7659 4646 7641
16 8290 2035 4111 3463 4440 9542 3919 9708 9093 5671 1426 5399 7577 2502 8163 3825
9 4758 3915 1245 9133 8500 7231 8650 495 7206
16 3249 493 7847 6268 1541 6375 2851 9489 5940 9417 6065 6285 1663 5474 5720 4846
17 7119 7387 8585 7926 126 7189 3521 1769 3144 4755 5392 7084 51 1379 4753 6717 6911
12 8213 8715 2577 3940 2557 2863 6281 4369 8738 8829 8392 2620
19 9128 4088 4990 147 7793 9085 9658 7797 6637 7056 6050 1577 2223 4542 1467 8888 818 759 6342
18 1776 8187 8228 7315 30 8661 2325 4316 441 3820 1971 4577 3243 8908 2879 7219 828 7783
12 1105 4571 4222 5759 5200 8558 5493 5272 4861 6991 898 7146
20 9402 6200 5837 3867 3496 2175 1236 3234 9518 3711 6040 5800 6011 2564 1658 5937 2321 906 391 6870
