26 1573 7329 5171 53 572 9583 689 1643 4266 2044 4986 2617 3888 5737 2653 4493 4719 9846 495 9333 2905 6431 8660 3668 824 7774
28 5383 2512 7351 2965 4942 7467 7392 383 111 1226 7282 2520 5962 866 4839 3512 912 5468 6034 401 1501 3627 1718 5805 7261 8744 8194 694
30 1130 1186 2012 1964 627 8293 7910 8848 4799 4110 2909 5501 3434 8437 4985 1661 9794 5484 9046 4787 807 8452 162 9193 9865 616 2616 6737 3913 5320
29 3492 7720 1531 6635 7232 9549 5228 9437 5700 6385 3280 7328 9187 3003 2151 7221 4865 9085 7825 6070 1110 4362 2340 9022 2393 7791 7090 287 6865
25 3592 8851 9592 3992 6876 8970 3203 4079 9842 1000 7370 954 1530 3941 6617 801 2362 2733 7904 9377 3237 9542 5712 6235 7936
29 4671 1348 7331 1644 8663 8381 7675 1370 2083 6800 5169 8455 2080 2204 9359 5540 2312 5631 5625 4816 4620 8742 7524 2533 497 5374 8774 6587 496
28 7297 9417 9506 2614 1961 9989 9415 550 8617 8413 710 7588 5346 5590 7500 4847 5655 4826 6035 3787 6852 7287 4927 5937 501 8986 1399 1665
30 1512 1691 4099 879 397 1009 6186 4958 1986 7423 9072 924 1418 7058 1054 5924 5880 4162 3162 2460 7098 5494 3689 5217 8690 7121 2385 3522 953 4594
29 3968 8565 8234 9721 8679 8005 7745 3037 1557 2148 3010 1553 9024 2108 1195 5038 9611 913 1388 2655 5155 3995 1878 2862 677 3962 2532 8351 6216
26 1574 3899 9128 2430 2218 4514 8958 2021 4652 8318 6585 5890 7589 6044 1636 6146 9551 7506 7669 7933 5657 7730 6972 9423 2007 2084
28 8090 3693 1205 2573 2186 7519 8701 3804 3297 1064 5704 5906 7076 5281 4930 1452 2671 8529 7438 1565 347 9486 2638 6713 5870 696 1954 5644
25 7642 8447 7695 9811 7485 6616 800 8042 4898 3146 907 8639 5379 131 2740 7353 8396 6195 6525 146 4426 3045 3197 2850 5723
29 1472 1468 5653 7253 8204 2106 3556 3802 2531 2412 3435 2416 2354 5006 6841 7673 5651 1400 5923 658 8212 9479 9433 9881 8708 1361 1891 6810 6172
25 6557 6347 7871 350 7323 2555 2339 2058 8831 5376 141 9231 8391 9703 8558 4617 9390 5268 1613 1743 3206 4569 6619 5285 3334
26 3452 598 4716 1203 3558 3934 5757 7401 3863 6976 6749 2032 8610 635 2111 180 2112 6004 4154 1481 6986 6797 253 1288 8062 1298
32 1577 3333 9804 4046 678 7974 4795 760 2179 1310 4929 7522 8801 5108 522 7238 4756 6009 4321 7879 4441 4972 8021 6158 1331 459 9074 581 2572 8272 8548 2783
26 9159 4754 89 3417 3114 7369 5496 1233 6287 5106 7846 2675 4723 7013 9734 803 3432 8429 260 6116 8888 5728 2938 1967 9388 1773
27 2698 7574 3937 7120 8327 5 690 7278 9451 8309 1011 9029 8722 7557 8129 226 5986 9171 2347 3699 4733 5615 9143 4841 3366 4767 8799
27 152 656 7922 6474 5574 7679 851 7748 8476 7068 4825 9158 9135 9902 5718 3343 7733 613 9671 4742 1273 3397 9503 5660 6415 1727 9837
24 2864 736 1855 4053 1093 8410 7541 4874 5403 4223 2852 9464 5027 8175 3890 3615 4806 7827 5589 4108 4411 3607 936 6055
28 2550 4066 5503 1807 5696 5051 6731 6167 8076 2161 4040 3364 6238 9490 4578 9595 830 8259 6127 1844 3933 6548 6489 2427 8515 509 9723 8964
34 9194 5794 6410 6461 2918 5756 9350 4117 2960 9260 3110 8335 3730 9207 533 5095 1496 8999 9647 1265 9985 4649 4211 6641 9402 2545 4150 4571 1119 2828 3985 9358 3504 4275
28 6668 698 6245 5668 1380 236 1222 927 1895 5355 4579 4284 5063 1352 1122 4492 5614 9509 6232 5047 9574 1155 6254 983 8018 5526 6157 1363
29 7047 8207 7421 2 9076 6379 6128 2797 1730 7955 5035 8623 6997 4002 1962 6996 2006 4125 985 1955 8380 6080 6086 4337 3207 6184 2781 8114 2288
28 9435 3361 5997 9772 3783 6099 2232 5425 995 7039 9964 5367 1046 1887 5672 2639 8525 5094 3966 9313 9722 8632 1786 5344 5859 4502 4539 9307
26 389 4467 6313 1042 745 3430 6318 872 67 4743 8601 274 5982 4118 6734 7640 1284 767 9205 6593 4584 7152 8731 5317 9873 2894
28 7883 6925 3009 1681 9915 8285 6752 8441 409 3742 6651 3356 2465 4343 9707 8283 955 2910 7964 1356 284 607 894 8979 6798 9645 819 5255
28 5057 9942 910 817 5999 3266 706 675 174 3675 8055 1526 6145 345 1406 3463 8599 8155 444 8304 4886 8405 5872 442 8516 5780 2291 5470
30 8184 8177 9492 5895 6681 3318 1998 8264 1971 9815 7400 5852 3849 4045 5504 7493 6048 1906 9174 1625 3217 8354 8280 4463 9032 7991 5471 2516 6561 1289
28 9988 9695 4327 5658 2352 6622 5596 5084 1694 9127 9780 6368 9287 376 270 1391 5573 6789 5891 3658 2162 8985 2177 4042 172 4793 2561 4690
23 4322 9992 6032 2401 308 5390 6847 8260 8189 3568 9232 1616 887 3822 5697 3809 9132 712 8965 3909 9071 1235 8465
27 207 3972 336 1417 6869 221 3541 2728 5434 5028 1825 1742 6484 9060 2949 299 5419 1480 7398 6458 4537 8955 77 3959 1678 9607 7049
28 7566 7914 9636 4227 5867 5105 3532 8150 1647 1172 3360 4382 5720 4934 7365 7189 7079 2662 7945 7452 2856 4993 5996 6704 1022 3404 6061 6065
26 9925 3640 4957 462 7176 343 7598 5401 8211 7709 84 510 1870 9923 3495 3837 5131 8303 6984 6067 2875 2784 1580 7521 8402 969
32 7782 4523 3258 1614 5102 1547 541 5274 6740 7024 3105 7466 300 8721 7005 1894 86 2224 3043 2839 6967 2696 7686 1232 5316 4979 9557 7518 8953 9916 6969 6135
27 6669 7979 3855 6677 8575 3019 2762 6738 1326 7950 7766 6310 2761 2759 4421 4149 4893 5389 2259 9396 9026 6066 5629 2848 8585 7422 7577
29 4805 8590 5156 4415 8439 5949 167 1485 1020 2373 5488 8007 214 2061 56 9567 1684 4513 8580 5620 3823 4403 828 2454 5936 1079 5681 8385 9577
25 1595 5247 5461 3455 4355 8873 5223 1836 3234 6033 2887 5024 3771 2657 7725 2387 8226 325 5708 864 3178 7055 8032 3173 3570
27 482 3765 8356 9130 4834 3118 8791 9338 6329 8511 7188 4132 1467 1662 3753 1886 5340 6685 5469 6047 3864 3066 4381 4197 8105 6240 4460
29 6980 9791 7552 3476 3620 7180 4788 5506 8182 6715 7305 301 3416 5093 3657 4815 507 8571 9746 3793 5753 8014 9903 3661 6921 4913 3719 5789 3080
26 3756 1893 4757 1462 1677 5323 2334 888 4272 6856 7771 76 7532 7831 7615 5242 6739 6307 5871 9331 5120 1957 8994 7930 2273 511
25 570 4632 8745 3702 8072 7327 4454 5045 9677 7989 2463 673 99 8051 8139 2651 5087 6805 9306 9450 2667 990 3072 3918 1793
26 688 330 1862 7230 3283 9909 975 8793 4638 5964 3629 2500 1507 815 6521 4470 6058 7959 1696 8065 8838 6324 2448 7861 9403 9558
32 2652 9460 8080 5237 2350 2051 9096 1095 320 1194 871 6531 7352 2184 7001 9931 8732 7898 9405 6417 9867 9083 8704 2438 9146 6636 814 2505 451 2075 6564 9741
25 6056 6931 271 8733 7603 238 106 3780 9949 2280 8755 3065 1517 449 2692 2087 6875 4670 1528 542 9514 2269 8808 3092 7322
29 9688 7694 4455 3380 6481 971 1784 3427 1477 718 8861 3812 3063 6743 9292 2219 1117 2128 3621 8795 3617 622 3910 7332 2706 3664 4586 2956 1766
31 3425 544 5116 4082 7087 4486 209 901 1431 5175 1395 3834 249 3028 1838 8355 9197 1469 3359 2113 3852 6087 5362 9275 6903 3084 9713 240 1801 4111 3375
29 6638 9646 9836 4784 1913 6580 4350 1707 1810 9006 7062 6705 1292 8446 8963 1146 6448 5956 2663 7314 3029 9472 441 181 6667 6094 8619 4364 4171
29 1415 8710 1779 338 3722 1854 2322 3544 3336 5550 6849 5290 5817 5191 733 2327 5098 7510 19 4982 242 9945 7101 6317 8779 1396 7966 4940 8636
28 8579 2554 8841 9967 2569 8609 5170 1759 431 878 1585 7288 9299 1819 9852 3113 7410 9316 4301 1384 8411 7480 1583 6222 2514 5774 9802 6632
28 6330 6720 1924 1860 8083 779 7147 4903 5079 7356 9854 135 2426 322 3269 7363 5485 7570 1748 4330 6937 469 3838 44 7738 7470 1551 233
28 1387 3383 3099 2141 5654 5351 6859 7031 252 1301 5350 5768 7312 844 169 7206 2070 6827 1757 4725 9663 2363 9004 2248 7807 5747 8640 2217
31 2090 4433 4808 3149 5333 5182 4192 1138 8454 3182 2541 4889 1668 1754 8035 8675 9326 981 3418 3376 6249 9195 1755 160 1731 8637 6495 5926 7435 7921 7471
28 654 8453 2305 7976 795 9494 6744 8377 3304 6666 8008 5198 7491 6134 2462 386 3125 481 9749 1334 7198 988 9948 4320 1266 3148 8784 5674
26 9014 9441 6959 8875 2755 7625 73 9665 3528 1167 7202 4997 5238 9871 6082 4090 7924 716 1702 7255 3673 3688 8695 3601 3645 5392
29 4349 4807 1816 7724 2747 5744 771 4017 3262 38 1723 8899 6811 1249 8860 645 241 490 7262 8662 2861 6831 7017 8045 856 1428 825 9860 6614
32 6956 4390 2890 7335 3172 7084 7845 2018 4089 5935 472 9973 7071 2647 6378 4417 4829 604 5741 4812 4853 5099 3338 6370 6560 4959 6408 9517 3355 6496 7718 4477
33 7132 8983 8797 7516 5968 4655 738 941 5760 2415 1218 3286 6693 7838 8938 2404 1856 8882 7700 5187 762 5773 9922 6064 3967 9834 3221 821 2115 9934 2737 2456 9941
28 9692 7475 7384 2135 7375 185 3489 1620 1089 6225 4892 3124 986 4748 30 7053 5539 7181 3222 2208 9000 6913 2074 6141 6360 5844 6650 5486
26 1048 281 7309 8494 6978 5090 8330 5428 9261 5202 9616 9823 4035 6736 2490 1992 8748 8104 5234 4884 6013 6503 9573 2213 9527 1635
29 4398 1938 2836 3867 1554 2144 1740 5637 1603 1193 9093 4204 1880 6581 2019 2546 6802 7425 4731 6825 4267 3424 2718 7810 3583 9293 3474 341 3107
30 1566 1035 3027 5751 6030 6374 1562 33 6747 1871 7135 3506 9247 2923 5830 603 1451 9712 6565 6963 1640 6469 6896 2366 2199 6769 2261 7223 6830 1637
27 9157 7448 8297 6363 1429 768 9585 8488 8541 7876 5304 7549 7623 361 1918 5806 6487 3773 5626 1663 9652 4038 9582 24 9866 212 7652
26 1109 2335 5545 3954 8277 7406 8532 1032 2052 5834 2686 5048 5752 4424 4623 1231 3550 6549 1703 6467 1061 7746 5809 5918 6947 7162
27 8246 7011 8118 8872 3347 4621 9044 7835 6648 4402 6026 1457 5730 7912 3327 2402 165 8467 6241 1297 2778 7617 4518 8298 5410 900 5322
25 3169 8073 7707 2535 4250 6844 9407 2337 3212 8206 4443 1085 6471 5577 6953 6938 2650 6934 7145 9569 7972 6577 8228 5897 4915
28 750 2874 1250 908 6105 3151 74 8912 3813 4293 2495 225 231 66 588 9626 7710 4778 1065 4626 765 9449 9623 4255 6832 6305 4956 7233
30 4753 5049 6778 8950 4144 4309 7880 6764 3176 1683 4782 8989 3321 9256 3889 318 4496 302 6939 705 549 8930 6662 8160 2991 9285 5032 5432 9431 1921
26 3210 4751 1835 1220 1430 9961 2633 2853 4190 1269 7243 9855 7300 4161 917 8764 8667 2246 8457 5414 9086 1900 2927 3710 7214 5029
30 1141 3665 4878 6610 8781 6973 1025 682 5759 2403 1307 1207 6574 2935 9466 9118 4761 5565 6768 5799 9230 1775 7250 1989 7019 2691 9320 574 3868 7796
28 6845 6062 4122 2916 2746 9831 2673 3587 4174 8215 2539 8665 777 3054 5943 3927 335 9928 6604 7535 4073 1966 6541 5101 6920 390 4962 5738
25 7855 5241 1067 1398 289 489 964 420 5314 4290 2825 387 6735 7146 2326 6991 6962 7635 535 2787 8474 2953 7050 3008 7559
26 8995 9248 4996 1442 4304 7691 3243 6515 8369 5766 3622 3705 6450 9312 4838 5331 7208 3900 6108 186 8606 7125 5398 7174 5930 3143
28 7245 108 2140 1448 2519 4703 4205 7483 1304 4691 2078 6999 1405 7388 5072 9560 3596 8921 5920 4932 1628 2964 5985 7107 8501 6626 7555 9895
26 8948 1407 653 8201 4642 1149 5146 9126 9529 4375 8482 57 9483 8028 5150 9901 9578 3691 8388 1857 8777 196 3041 1464 2349 6164
26 7643 5908 7648 873 5796 662 6535 3908 8358 1724 8390 922 3152 1977 2307 1523 1075 7599 1922 9859 9620 4936 891 3030 5007 973
24 3860 9200 1505 4739 2359 9184 4083 3078 2116 7620 7586 5356 3895 5399 5605 9319 1859 2285 6838 3936 9828 3758 9724 5885
26 3632 3929 5771 3534 3306 4560 9462 117 2707 7455 991 3453 7884 5606 9729 4059 2425 4598 3539 5754 1019 7602 6308 9452 9404 3767
26 2563 4392 457 2396 5313 6566 1340 4444 5603 5998 9434 7298 5727 3886 7248 9487 4861 7826 6219 5807 8428 5305 948 8077 4643 1596
30 286 7395 1140 961 432 4018 3667 8328 8641 358 5311 1460 2033 1914 4230 7378 6376 8133 1931 8300 7685 329 8173 9879 6899 1812 7900 7294 9982 2231
32 2583 5721 6155 7116 515 456 8553 266 8224 9500 8284 9906 8278 863 48 367 494 9103 9875 9199 6243 9048 29 10 3112 2104 7705 9613 5161 4268 6173 1199
32 3496 626 7581 3707 6292 4093 630 9380 3865 8602 3392 9952 7877 2004 32 4637 1876 5394 1033 7447 4837 6285 6608 7562 7252 7486 7517 3816 1211 277 5269 9346
30 90 8121 7894 6073 7637 8913 3745 8528 8493 391 6590 1988 2076 5689 7077 1401 2540 4240 7585 8056 4159 3749 6455 1183 7048 818 65 8928 3403 3595
29 2607 6265 3618 5310 5940 7957 8991 5138 6369 2435 3905 8477 1564 9862 7459 8137 5104 5026 3319 1941 9144 7780 1949 3023 9978 8219 2716 3530 4378
31 9740 4989 554 5865 1421 8530 3610 5201 356 2068 3310 3584 1721 1771 1392 9264 7622 3004 7732 122 6886 5922 4848 9637 717 1634 3311 9987 4058 1627 582
29 9960 2330 2649 8885 3295 8820 9856 2433 4185 1118 8131 9412 3490 8821 909 8883 4148 3641 6315 8230 3052 6071 7892 2884 7094 9113 3074 6732 5988
28 9589 2241 8017 7481 6283 5086 9777 7065 87 83 1935 3488 7118 3175 1137 9400 5447 834 1656 3666 2676 5995 5873 7354 5813 7938 3048 9604
26 7576 6864 7579 304 9391 5916 7316 400 8652 4732 6719 8901 6977 9077 1240 6775 9911 1476 5684 6089 6679 1454 7478 5481 9782 8909
32 474 8492 5077 1863 82 2873 8564 250 435 4589 4446 648 686 8661 4425 9824 2981 6451 6726 52 100 776 118 6723 963 2694 399 7713 5215 9731 8387 5666
26 4071 2442 1024 2815 9678 8281 6522 4145 7484 9012 9007 55 1498 2666 982 8370 17 9005 3964 1513 298 1375 7788 5960 869 9204
30 6982 7439 7969 8053 6767 3881 2298 9107 2961 4500 1516 2891 683 5075 5775 9140 2488 4991 8856 5143 1455 2117 6355 4319 5819 6533 4947 2371 7272 4712
25 1660 4338 2228 8910 8239 5396 200 6412 4504 2382 3944 8761 3677 1272 6396 9070 8403 935 5902 1974 4608 8061 2829 9188 1911
29 4904 3039 9891 9097 5912 3281 8389 8876 4062 9526 7596 3246 9552 4414 1376 6695 774 4464 2081 3270 2575 2284 113 3848 2214 2712 7997 537 4901
33 7937 8227 5898 3462 4476 8954 3917 3619 9533 9675 3229 9035 7443 8185 5808 984 6075 633 4704 3473 5060 72 4233 7594 9061 4155 1237 6311 3653 4674 4339 6088 3818
23 493 2368 9095 8368 7513 1127 2955 7935 4295 8925 4371 9673 4054 1073 279 8048 5607 5221 251 3906 9330 9768 2763
28 6812 7042 8261 4636 1198 4395 9880 4640 2624 5070 4101 8604 3695 3646 9666 2631 9624 9726 2580 7446 1605 5025 1586 6040 79 6823 1315 4747
31 5326 810 3903 663 4001 8754 8577 8458 5601 2122 6763 1744 7919 4855 4373 6432 2945 3276 2598 8656 2277 2196 2443 8393 3208 2703 587 769 1607 8514 3227
28 846 6879 1769 1700 7667 6551 7840 7755 468 3487 2760 644 6178 6388 3220 1409 7564 1169 8171 244 4939 5663 1843 9631 1479 6784 2467 6014
28 3198 2152 2244 7985 421 1276 3537 9540 4273 6436 5568 7387 8892 2900 7809 3747 958 9683 8684 3012 7302 4484 5380 7616 3406 6821 7474 2668
28 1959 2440 5669 5483 6748 2013 5714 1440 4478 9491 7038 6015 21 4519 5694 832 1706 5662 2574 6387 1619 6923 7905 6260 344 5907 4890 2528
26 6152 5740 2971 1776 208 7061 9702 4542 972 2808 5770 3390 3446 4276 5299 4438 248 1087 4491 7571 1478 6771 7520 9633 2807 3436
28 2922 5583 9966 9751 9974 4694 4575 5235 5879 5597 2536 1948 1494 8621 4902 649 4842 875 2023 1984 7913 9605 3426 5408 9025 624 6663 3634
30 625 6671 8125 8026 9735 1659 704 8442 2238 7927 6125 7462 4941 6552 6908 8489 2225 758 1495 4299 9511 4333 7137 8408 752 7289 8845 8891 3826 1185
30 4611 9037 5345 8540 1239 62 6634 6652 9339 3545 7645 9249 1097 7025 1170 3786 2315 4164 1246 9518 3792 4445 1658 6911 2328 6201 7923 5618 8696 2227
28 5354 6754 4009 4867 930 9762 8025 332 199 1934 4919 6483 6904 112 6124 5246 4475 1379 9512 728 3626 6602 7128 5812 9030 8771 362 6148
29 8504 1192 8778 6815 2710 6244 5163 987 7291 3484 3846 6386 3251 2171 2464 1488 8336 992 6373 1362 8427 2302 6534 4532 6029 3218 6955 8392 9138
32 7256 6319 9166 6699 7482 7149 9753 7078 3254 7304 753 2370 6665 4925 1358 3684 4970 2411 8271 8817 3230 142 3994 5946 787 5466 9080 3083 3956 655 9827 6479
30 5876 6154 5903 144 5128 3763 3323 8714 6304 8478 3100 4370 8689 4243 4410 2970 3458 650 3142 3564 6536 897 5381 2383 7508 2959 9444 6480 9478 3250
31 7186 8432 3316 9397 7381 6643 6395 5887 2064 9274 5222 2522 4168 2948 8666 8279 6462 3499 2568 9262 8054 748 8635 1005 4366 634 8081 6776 7697 4418 5823
27 1466 5939 5492 5377 16 4386 5069 8178 8249 5976 5068 6171 1182 6948 6338 2110 1366 4405 6987 7736 543 8772 6943 2105 5280 3748 2980
30 275 1062 5476 9520 7086 9795 437 4559 59 1214 2121 4583 1094 4072 1927 2043 595 5043 8419 6589 1438 7954 8342 9977 9069 9805 4580 5667 8132 697
30 9814 7487 3460 477 6657 3090 3341 4679 6212 9908 8222 6187 7114 9424 4340 4094 5853 1230 5421 9298 1699 2079 6478 3717 7858 6203 637 1738 3188 592
29 9718 1956 915 3679 9019 9033 8584 3001 7379 8398 2457 4163 353 911 8038 1413 2798 5154 2321 7479 8612 6645 3861 7754 4961 47 4135 2267 6596
28 7175 1365 8027 2236 4722 9395 9267 886 7334 1524 2408 8512 4288 9668 7795 4103 1213 1252 8181 8357 1912 9905 1626 9698 8024 1473 3554 9986
23 2765 7496 5031 3907 7203 385 4356 5502 6711 161 123 382 6380 2564 9345 4894 151 1953 6702 455 9112 5678 9918
26 558 2000 460 4152 5210 6826 1944 5861 7875 7706 4376 2056 831 5519 8221 3602 7975 4451 9965 9682 8169 4450 3859 9148 3421 7362
26 3709 9470 2263 3442 629 1229 8828 3167 9375 8047 2610 8435 6508 8378 3211 1456 8310 8379 3000 3358 3752 6366 7726 2481 7996 7417
27 5254 4057 4169 1909 6000 6727 6274 4885 4241 4774 6213 2903 7431 4280 4614 6946 7040 483 9357 9013 50 1443 2294 3998 9579 7631 9109
25 6791 8586 2506 4718 4597 4387 1767 257 4564 237 58 2527 3814 7999 424 8822 1008 7303 5039 3948 9679 9474 9968 283 4347
30 7639 6683 1751 3044 3735 1890 9719 1542 4394 9310 8783 1007 8862 1630 7340 9769 7167 9617 6334 2173 2754 6777 3915 6019 699 4407 3760 7371 3580 2611
26 994 7793 7358 9224 2914 4677 9229 4348 734 8628 3548 5611 1847 6418 4109 6758 2702 201 1514 4790 7868 4008 6153 1550 9161 3399
29 4980 6001 8543 1590 2736 3898 5610 7891 4457 3784 5382 8159 2720 5869 5132 8796 7184 8276 398 2592 9693 1077 8209 4485 8323 4196 4735 4345 9192
29 7822 68 4034 8162 443 8957 2744 3480 8840 8760 7753 1320 6429 4098 7012 9876 4549 1848 812 8291 9516 4220 137 7967 1337 6325 3120 5365 7456
25 4760 476 8678 5206 4311 7721 2154 6112 4630 1693 8894 9704 189 8329 7888 6725 3466 5338 5321 364 2553 1874 8712 4384 1875
29 1038 3856 8143 9120 6421 2468 4231 80 5510 9376 1861 1799 9739 1829 1968 3271 8759 3567 1341 7373 154 4675 9539 1017 3706 2311 3697 6513 8694
27 3581 3551 6600 7699 5197 2053 5925 1012 8251 4031 4201 9092 5874 568 388 5884 6039 672 9265 5649 7618 6660 3779 8582 4897 7341 2423
31 2830 1424 9522 2963 5598 158 2129 5772 2601 5900 6185 1708 2178 4430 5782 4813 3401 998 5594 8480 2453 6383 8676 7445 8706 4850 7601 1881 5970 9544 411
28 9136 548 2933 1124 2201 8865 6990 2247 8627 619 3892 310 3585 9091 7069 1780 9676 3252 6118 8359 7389 6917 823 7505 1404 7319 447 2107
28 2847 8166 9956 4715 1267 5726 3242 8645 9994 6690 2986 7958 4379 1128 9367 4365 1173 3109 4389 4686 668 4210 7220 2046 1939 1385 3840 7153
27 5130 9352 4926 9963 8320 5167 4044 7664 7037 1444 9179 5993 4317 3525 5081 7808 5498 4572 1159 139 3739 3469 2336 8084 6932 8092 8307
27 4759 8740 8431 6889 3164 147 7751 4521 5843 7082 7873 5579 8142 8942 6861 8707 8156 4928 1090 4920 3676 5180 5764 8110 7123 7747 8314
26 8383 1060 5113 3005 6718 970 6295 974 6183 5332 1963 1070 802 5076 9469 3085 9480 829 1561 8091 9972 2065 6169 9580 5204 6511
31 2198 8468 5324 3260 6509 3716 4948 4358 7405 3785 9970 3670 8145 9250 8915 1063 3939 505 7168 9105 1200 9210 8789 9082 6654 2911 6524 4526 7165 4329 6575
27 9211 5846 8919 8613 721 5360 3882 51 1329 1919 1188 7271 1537 9534 8367 2596 4846 2958 2159 9399 3447 6499 5711 1263 937 6960 7775
27 2648 8406 3128 9940 2147 8756 8093 4692 8914 1839 4641 7268 636 7242 475 4845 1654 9929 3485 3768 8275 6782 9576 5196 120 9100 8096
26 5262 6402 2752 215 8711 9272 4251 9660 9889 881 7525 3795 8334 8341 6611 1346 5272 761 4206 3862 6465 6076 1762 9687 2895 5987
25 4967 2855 6655 2526 4817 5683 1770 1354 2243 5584 9728 1960 7104 639 8190 2419 5899 4860 2742 2421 1500 7376 1834 641 2444
24 6543 8934 850 9382 9629 5671 7441 1777 7390 4064 5249 7740 2560 1598 5205 6528 8397 2543 9369 9508 7595 8100 9018 6051
27 5703 1312 6935 4910 4391 2920 1368 5739 5277 6872 7009 9694 1830 7212 5040 5385 3263 9234 7444 4265 4681 6251 3274 7843 1313 5851 711
29 957 5889 4870 8547 1600 15 4069 7054 5302 6559 4264 4140 8505 2124 1280 8149 713 7126 1536 6621 9776 4016 3189 9610 5286 9124 3354 6266 7854
24 9727 687 3278 6278 2622 3040 743 1096 7032 1244 2984 3344 8614 2299 8495 2131 8459 3597 5932 732 415 7789 7537 8395
26 7337 188 8273 2167 4221 2680 9220 8289 9689 3131 2390 3034 6323 8847 2229 7628 4187 3732 183 4198 3294 5445 6293 3988 4461 9163
27 2182 4804 6275 5783 3205 9186 6296 1309 1908 5137 1056 6892 8787 3400 5989 5617 3776 4987 742 3736 315 1869 1951 7544 6074 9847 4131
28 9714 9243 9336 2005 4480 5400 2768 4975 2266 9808 5189 9910 3825 8144 4612 805 8871 9214 2174 5788 6109 5341 2072 714 426 4699 4963 2436
30 405 8386 4091 9459 5855 1923 6007 3486 3238 1132 3481 9835 4687 8824 6993 125 3441 2251 6530 2484 6054 5979 7193 4000 2437 6022 4666 2942 5257 2791
26 1824 7216 9075 3385 3264 4186 919 132 9477 484 7869 4833 3553 600 8560 1535 6518 3253 2827 6568 5992 5319 9819 1947 41 5361
27 5500 5555 7752 8063 6556 5863 107 5253 2892 7450 2050 2897 9370 6457 585 8168 4814 8425 2602 3788 6144 1018 632 1543 205 5736 6017
32 8039 1734 4068 9219 4286 4314 1521 9898 3340 6263 7284 5083 9228 6721 157 8031 7546 8158 5357 7832 1006 5722 520 4462 8308 1316 453 1015 5489 966 3529 7368
27 1831 436 7638 8120 7528 7842 9315 2499 8723 5366 5192 2857 5974 9 9252 4033 583 7428 8868 2073 2503 6209 8685 7074 4274 9438 6730
29 6770 1818 5553 2570 434 9147 5052 4672 980 8483 373 4127 8350 7612 5767 9609 2278 2447 4070 4653 7940 2210 2612 857 1576 843 1916 6680 75
24 4764 3579 9129 1217 7800 8506 9885 5119 5509 560 9116 1490 664 938 514 8804 3600 346 9167 7342 9134 2345 5928 7533
28 1599 8870 854 4151 7177 5307 8737 1302 290 4844 1163 4658 7308 7043 2704 1382 7200 8837 8537 3337 867 1617 9468 4908 6717 556 2879 1868
25 4466 4568 6092 1049 6912 8968 9853 9818 7672 334 1796 6063 2882 2379 4056 5194 8361 9373 3990 4342 8174 5275 6371 7947 9154
27 2191 2777 6003 8833 1300 7201 6057 2039 5133 6893 5347 6701 9996 5505 8414 3419 3728 6558 7716 4308 3374 9181 8527 3239 3796 2099 7899
28 1271 5934 9785 6113 4084 4175 2375 8423 4785 7267 8536 4074 3692 4538 7210 3754 6958 6529 2605 2476 3655 3943 8117 5593 5372 3872 2386 3444
31 5370 4318 3367 9241 8790 996 3465 3185 4388 5749 4374 5352 331 6024 7702 4676 3799 3820 3046 4086 9783 342 727 9840 349 1790 4746 6901 6068 8574 419
28 3562 1704 5632 9754 3267 9394 8322 2055 5309 8855 4180 7035 7307 6594 525 6526 5641 8863 5364 4651 2883 2866 6052 6883 8151 6942 5044 6491
28 8183 4765 6819 9515 5896 3871 2613 9883 3794 8907 567 799 2845 8713 1057 255 6476 3244 6043 5858 6401 1107 7498 5560 3196 8195 5635 7260
26 4303 1247 3519 9416 2036 1487 5424 9172 6300 4289 8013 6252 3819 989 5971 2593 9587 6140 1157 4536 3154 4287 5849 6269 8715 6246
29 7606 4701 5537 3582 8765 9504 1151 5862 7670 7000 4092 3415 8814 965 4434 5755 9426 2319 2272 5444 8524 3032 7512 3841 374 4360 4820 4832 3870
24 4634 1330 896 9612 7790 2642 9183 5748 6567 7473 3273 5411 6670 9513 7563 1357 8622 7281 4702 7089 7066 8898 4875 3708
27 2086 8654 2693 7020 3744 220 8463 2937 1039 7925 1889 3563 3923 5972 6786 9419 2929 7963 7057 6642 6517 4270 6532 2501 8305 1327 3517
26 78 2584 2205 1059 5117 813 7347 2950 841 230 9690 4130 223 3981 5581 7556 7514 2521 1806 4711 5363 1311 1594 2834 340 5779
28 6392 7708 3201 6790 8693 7022 3854 2410 1676 8067 2699 9216 3635 1879 337 3978 4700 9999 538 8233 5778 1078 5776 2559 8554 1333 2067 2296
30 8730 9850 8969 26 6150 1631 5619 3192 219 2725 6674 564 5848 1029 8780 3073 7591 646 9239 5563 8430 7501 3257 5624 9572 806 2357 6881 2215 5240
28 9440 8503 9385 7867 7144 7865 2136 5969 6630 1092 4657 8844 3686 5800 6156 7558 381 7357 1850 155 9101 3510 8002 9023 6762 7772 7806 8670
25 5535 7397 1772 9484 6280 4315 7046 4533 2316 3199 2730 1504 4955 5688 524 4786 4429 129 9036 808 3459 6506 4714 6647 3642
28 3516 4937 60 6348 8992 8834 794 9324 8603 5429 7122 5811 781 3132 6433 9674 3433 7550 6126 6420 8188 5337 2095 621 9765 5551 7907 7348
28 3075 3911 2042 1737 5705 5010 8680 4792 3986 1023 1126 5152 8475 5378 6924 9653 1291 9432 1987 2764 293 316 6631 4020 5092 3957 6390 7641
24 2417 1809 8237 393 4550 5975 313 384 2685 5306 8135 3193 2899 4372 7083 7627 4528 4912 2865 8192 2618 5787 5621 8805
27 8315 417 1100 4050 7715 365 9182 4025 2511 7317 3817 9833 9458 6772 9598 5295 9706 8947 4022 5141 783 7583 5633 7801 1638 7315 7215
29 4473 7946 1768 5129 7109 357 1264 1076 9242 7605 5439 1532 6138 584 9278 9455 6998 6512 3329 8138 8473 458 217 7461 3559 1254 6447 9152 1651
23 2766 6756 2801 883 4931 2646 2928 4147 3393 3096 5646 9810 4800 2270 976 657 1814 7659 978 5950 4354 1851 2719
29 2378 2851 1805 1675 5226 7383 555 5177 685 6572 9771 7906 2826 1147 3759 5122 7763 2364 6494 599 3751 1324 4971 6848 7360 235 3979 6320 8932
29 7324 4503 8438 2640 6516 4104 3997 6994 2027 7468 2558 2547 7345 1618 3685 2428 2060 7172 7889 9553 1471 9088 2455 6909 5173 8068 2814 8479 1648
36 5030 5336 5952 8513 5109 2767 4195 9258 4495 93 5587 6584 4864 7536 6191 6434 4689 1314 920 9507 4232 5541 8119 9266 3690 7403 5145 3022 4999 4705 4367 1509 3457 2670 7178 5921
29 3628 534 4994 3659 6407 2323 6703 6262 3439 8812 3887 1692 4544 4720 71 3879 3026 9570 3869 2118 3245 7170 8806 9206 9950 3014 7002 5513 5630
26 9445 3656 7219 3932 2395 2258 1996 5512 194 5592 6954 9280 8338 8990 2445 5493 285 179 9125 7434 7490 8810 166 2969 126 7690
25 5388 3775 5965 7151 9773 5682 9223 2674 1121 6697 5292 213 6492 9709 1190 3475 28 8557 1086 4369 8803 6722 3062 2678 722
25 2713 5008 4794 4088 2940 4529 5478 7227 6160 2509 9654 5080 2632 3920 9050 9021 5640 3916 6031 6290 8302 940 4954 1136 2157
27 3181 2202 9251 9454 1612 3479 4452 8700 8988 4665 3055 5259 1667 3963 4027 1732 2723 6894 8064 4755 7665 661 7192 2441 1991 2587 5638
29 6488 6890 4217 6563 7249 1055 184 5822 9308 1872 9812 7928 9372 5162 7696 5804 2888 1673 9717 842 8827 9597 7420 6342 7734 2731 378 1540 4771
32 4246 3051 6258 5244 7158 2770 3103 5639 5838 4292 7776 3454 5913 6129 6591 7757 9047 2972 8186 9701 3342 7786 4709 7920 8719 5765 2434 1518 9041 5734 3468 3059
30 5014 9340 2293 605 3847 8012 9864 6562 5168 363 392 3603 6813 6018 3778 1885 2348 7124 7159 1781 1336 2420 5179 5656 7657 5981 8243 2422 2776 5418
30 5837 7222 276 4239 6620 5520 1283 2301 1735 943 8794 5405 858 9501 2165 4011 6147 3470 6079 8313 8674 9271 5089 9108 3527 652 5729 2968 2809 4659
29 7205 2557 1037 4896 229 8108 1592 7240 8588 1545 5781 8611 8352 6945 7844 3897 7829 9528 307 3761 3624 8647 4631 1305 8244 1601 8539 7978 6576
36 5062 3878 191 7929 8324 3953 7723 784 8634 3625 8874 1074 8943 1206 4547 6298 539 700 3971 5464 2164 8839 6949 4668 6259 2317 8326 9301 3842 9001 575 7729 870 1690 6121 6627
25 8961 551 9930 9115 2101 7526 9781 3320 2643 7247 5135 8578 8519 7813 7023 6193 7819 8531 2529 2483 9953 1474 1705 9697 7917
26 159 7529 2715 3950 2195 4393 3651 2477 7374 7802 1069 4179 6544 9716 3616 5642 1 2492 2726 488 2102 9536 3493 8218 2134 8618
30 1125 5528 6294 130 294 4183 3858 1253 8974 1837 3515 2262 8775 1142 1114 4740 5393 7624 8208 6372 1463 8923 8853 1277 1378 9705 3168 368 8583 2623
29 3873 3575 9073 1210 3411 2677 5693 1004 5850 8349 6750 3835 3191 5000 9618 6406 5820 8926 3102 3594 5139 5743 2579 8940 4984 9774 5717 7722 9600
31 8394 3914 2304 5258 2126 6779 164 8911 4194 3989 5064 609 9381 5652 9596 4191 5495 5164 4007 6194 8126 6799 1685 1281 4688 6988 467 3138 3540 1993 8107
27 8980 8598 7798 4260 6123 8673 8517 261 7847 3315 1459 1223 1783 9427 7823 7350 3428 8570 2773 6926 2729 8846 3289 2306 2985 6546 85
27 8407 8903 5153 9669 8651 173 789 2538 6210 5791 5894 4713 6706 4737 6884 8041 9294 9566 7254 6391 2374 3224 6916 4561 3161 2249 6835
28 4574 6765 1608 4005 7719 499 5278 413 5420 2606 5854 1461 5695 4113 5248 7848 7495 5264 3133 8716 7799 5677 4877 2904 2380 5227 2504 9476
30 9288 1364 128 6910 4628 1414 9439 1657 3215 6795 5407 3313 8562 1933 1489 7712 9177 5477 2216 8113 827 7818 9063 8088 8802 6818 1798 2881 7654 531
30 5798 5149 446 2860 9907 3033 9238 2748 1888 9425 1081 7091 2255 7941 1261 2324 2581 7932 6050 8016 1164 3115 7339 9523 3930 8893 491 764 5836 9510
26 3265 5917 8049 1795 5229 8176 6902 5053 2552 7131 3507 5600 6291 2077 6170 2806 7003 6957 4558 9691 1997 3450 5527 5054 3876 5107
31 8078 1021 4951 4 1053 1760 6710 3335 9495 1602 9056 6820 9979 2998 9448 3137 2951 1088 5628 2026 1733 4285 3980 6239 8433 8672 9422 3305 7399 3071 2103
28 8545 6785 5914 4650 7295 684 1412 8001 6277 9087 9993 5818 403 1102 7859 4312 2245 1652 1180 410 1372 3081 8343 2093 439 7004 2582 9784
29 666 9366 7636 7442 4156 8418 6817 739 1688 6918 7377 7785 7237 8807 6362 5958 4043 8626 944 4859 9661 4593 3015 4479 1105 4257 1484 265 5517
31 8424 9568 3322 9139 7728 7028 3733 8638 2320 1166 7560 1936 7265 6226 2708 2290 1720 4357 1582 6870 8069 9744 7169 4012 105 4517 8376 8011 9829 4685 4978
27 5233 7251 3373 2137 2138 6341 9892 8154 9499 8593 452 1589 7150 947 3639 5003 6083 9946 7547 579 3521 2282 3219 6688 5536 4516 4964
33 9887 4060 4238 9699 4436 2085 8697 2024 1674 3420 9554 2303 323 8325 3743 642 529 8686 2413 1453 3576 4645 8269 9614 7821 9379 9686 3214 1393 396 4998 3829 6090
28 2711 9257 9747 9042 3524 9268 1165 5435 1420 7629 7816 2355 7792 8630 693 7909 9295 6443 2172 3497 8521 114 4783 2257 6637 2594 8470 2518
22 773 1285 4442 9708 6361 2142 1083 9363 8296 394 8332 305 1606 4085 1845 3738 269 1031 4039 6761 8792 845
33 8698 3833 9361 4279 7367 5724 1257 6452 2608 9133 9870 9153 4520 2188 9651 3317 5015 751 234 9564 8773 5957 6964 9142 786 5452 3483 6751 1765 8895 7850 3857 7756
27 701 1842 4803 9606 8193 9537 4015 8646 5911 5514 1002 3127 9389 8295 3571 3088 7762 8312 7274 6592 8922 2109 2376 1470 3663 5473 9932
28 3877 3694 2578 3757 3292 4096 9936 3195 9990 4247 4856 8089 4316 4081 861 1171 2114 8534 923 631 4225 4968 9291 4646 6929 8880 6271 4605
29 6891 5967 9236 5713 2346 5348 3741 6328 4483 1360 6927 1319 8605 5450 6072 7385 297 5810 4498 5078 2035 5933 8449 3713 8306 7477 882 1739 6301
25 3235 4170 5134 6922 7259 2840 4116 6312 3648 4262 1215 7973 557 6175 8288 4010 9016 890 5449 8510 7457 2203 5586 3279 1778
27 2414 3482 2459 4249 785 81 5446 4545 1609 8917 868 9983 4423 7953 2982 4525 1225 370 967 9926 8485 3098 3938 7386 9991 9969 519
28 1817 1148 2599 8128 1282 3513 5406 2689 4726 521 5395 2859 8115 1873 5373 3961 7630 6724 7064 3789 1041 7465 7987 2751 1975 4380 8918 9643
35 3827 5608 5475 804 2399 3844 5082 91 4953 6276 7784 5904 5413 1158 9502 4823 92 580 3067 8401 5056 7273 2684 4023 4439 9843 770 5719 9034 1728 2094 7156 3226 5042 1154
29 2636 9591 5462 9884 5542 590 1865 2233 6037 2011 6456 3314 3798 4215 6398 369 379 7834 6678 8 433 4283 7977 5017 6745 6059 2189 4254 3531
27 1753 5942 422 2221 7464 9406 6218 1555 1671 6609 5327 3174 9081 2220 9453 2256 3409 8975 8319 3790 46 5961 9813 5882 2999 9650 1508
28 2351 1491 7458 8699 5860 2838 6874 7916 6084 7472 6914 2656 4599 6836 8762 2979 7803 1013 8082 8199 4499 5271 7311 3002 1714 2907 2936 7411
27 3247 766 479 4607 3186 5670 4003 1519 7409 8153 140 6809 3700 7199 6453 4406 840 8671 6394 8059 8127 6289 5402 9535 9971 8360 2149
29 3491 9820 6857 9286 6753 5022 7915 5556 9084 5474 7815 933 2276 4603 8124 1736 1950 4654 4604 1510 8071 8075 5294 4346 7008 2620 8216 4184 4361
26 5465 8170 502 540 780 5224 7361 6215 6606 3407 1698 1761 3723 2432 2200 9156 2665 9656 5824 8179 3614 6327 9398 6755 4965 4188
28 8299 7918 2469 6351 8937 4487 4900 9317 3797 4565 1972 8255 1726 6350 5199 6326 7578 7333 4269 8382 7224 2597 3351 127 8317 2804 7460 1445
25 7794 5213 4535 3696 4030 5353 7866 190 8728 9575 4515 855 4551 245 9893 5186 1823 5267 3965 4013 9335 730 5543 282 7502
32 3123 7244 3 4165 7621 4745 9240 4562 7671 3166 9976 8573 3134 9844 838 7692 9409 6712 2473 246 7797 7548 4849 6694 7073 3478 6011 7731 2123 3381 6133 6091
32 352 9868 3681 2252 2168 8549 4252 2868 5315 4306 3362 4019 4835 8345 5761 4199 7893 4080 903 1973 9465 8198 1884 6095 1208 8344 9602 6 4798 5685 5561 7010
26 6190 6888 429 2003 9625 7239 3644 1306 8040 3144 7209 9857 6085 6486 3806 1145 4177 4819 4706 7582 5203 9680 3687 2627 4237 4585
23 7613 5815 4697 606 9943 3711 3069 5578 9750 5905 6915 8254 7778 5287 440 4618 4876 757 6774 4416 2211 617 7568
21 9328 4067 5585 8726 5742 9658 2947 2474 6646 4157 254 6302 471 3718 2458 921 9374 1995 4490 6435 2659
30 1925 3505 4660 8949 8445 3755 216 2745 177 110 5036 2040 7429 3011 918 7044 4328 5239 5825 6839 853 1381 1153 149 7396 2275 4592 4556 3006 4087
27 8339 3701 1822 4181 3949 5125 36 8469 8147 3298 6612 2973 7036 2372 5790 7081 6110 6247 8030 9849 9170 9778 4981 6161 2031 4063 3952
28 5645 2803 7787 7173 7890 9123 375 7430 3079 6389 9393 5490 5096 3121 2842 7112 4120 6968 8333 7231 2625 6314 2831 4075 5538 9353 6303 9841
29 3636 8205 7235 4944 5148 5883 4302 4809 5312 7105 3035 1402 9792 5947 7018 6539 1611 7632 5431 5288 1335 7034 1202 11 1841 3993 9615 8631 6202
31 9031 7096 4766 8592 4458 9806 4587 7607 7489 9619 9851 4396 5659 2028 8878 1262 6375 2125 6078 324 2022 2880 2356 296 1108 37 2398 6356 2329 7885 6422
35 5266 2098 6623 1325 5251 6255 2644 6419 4432 1248 4153 741 3290 8826 877 5265 6692 9681 3047 8196 5927 2898 3969 6605 5892 4810 5785 5225 3727 31 9927 5948 2493 9838 2480
21 835 6261 2756 593 6985 8050 1174 7597 3379 4882 5219 4776 1511 9525 2974 8735 2588 5158 517 7246 4881
26 8364 4259 8890 7543 2912 5188 9565 7592 4577 9793 1747 5073 2837 6930 7836 536 9017 7127 5061 3093 3924 351 8749 1010 9555 7688
33 8472 1425 8399 9732 5612 3405 7408 2782 1898 9314 2722 6188 6672 7059 1303 6137 5664 6006 96 6940 8702 326 1970 3365 6196 5088 2978 7453 1800 1943 1655 3633 2497
31 5524 256 4777 6868 5901 679 6286 2470 2001 9203 6989 9051 133 5833 5114 8498 6403 303 247 8496 9519 3947 1811 7119 486 7166 5256 8070 371 4708 7063
31 1204 6597 3832 3302 2145 3331 7952 1133 6686 8256 8993 4158 7257 7939 9218 3807 3828 4213 1383 2727 6965 3414 9711 1274 6840 3135 9924 892 1629 6038 6405
27 4796 9117 5511 7742 2664 8924 5580 2450 926 1098 2590 5803 406 3894 8550 2034 9981 8997 1043 4863 2222 1162 6335 3157 9505 3038 7492
29 7006 2795 3919 5423 3275 4298 1433 7743 5547 4945 7432 1650 3502 6345 3896 8373 1645 4133 7226 4102 6733 3977 5686 6833 1446 2789 7926 7194 647
28 3782 6117 676 5990 7016 9803 3326 3429 7661 5647 1168 54 4914 6829 9411 5758 3662 7217 5980 7507 6165 1979 614 6248 1815 6041 8037 8887
27 9447 3503 7689 4917 4123 6427 7960 1882 2281 8877 8507 9043 4332 775 3552 8420 7684 3973 5893 6081 3712 5359 9586 3202 1001 9770 7527
26 4077 9202 5881 1080 4248 9955 4950 2679 7703 4684 7983 1044 6176 8650 3180 5013 4261 3976 8340 8229 1497 7666 1449 5231 9786 8009
30 7511 8927 8625 1422 8471 899 8897 4524 5074 6364 4728 5701 9233 4368 2869 9297 1584 6863 6682 1332 7293 6855 6579 9348 8112 8247 1115 852 2016 7326
30 4172 1196 7394 7026 6520 408 7412 8581 3724 1082 5297 4869 5661 9365 4943 1050 2886 348 6381 7565 2621 1782 7902 6103 8520 7970 4548 1345 6656 9799
25 4049 4773 7744 8751 4408 6618 4566 8004 5530 8815 916 3609 9066 4557 2029 3714 7749 8102 5599 8823 4615 8987 3345 5915 2565
26 9446 811 7864 3396 1123 1575 2774 5159 4095 8214 7824 798 5417 9008 4258 4836 3371 438 7504 3509 4326 4905 3649 2088 3101 1268
25 6603 3324 7449 4400 309 8417 6359 3654 6523 2835 9664 1321 9185 9935 6653 64 759 6349 7182 2025 6002 9563 1270 8240 9354
26 1846 9743 3781 9817 2049 5166 3573 5176 1792 569 3975 709 1929 6399 4918 5732 3287 2047 5931 9028 9550 1716 9642 3970 3555 7207
26 3179 5467 9756 9408 8766 43 5878 3850 822 4456 4511 3061 1664 1713 8210 3184 6505 8098 959 267 1447 1347 3940 3652 3106 1397
29 2823 839 6231 5308 6322 8594 8365 7561 6162 3683 1980 715 4212 5438 6873 1353 6698 9209 9471 4359 1116 2816 9649 7301 9201 547 8353 518 2254
28 9594 34 8003 6382 2966 8681 2637 1904 7163 8123 7614 546 8939 1544 2817 1416 4129 3204 4404 8869 3017 4772 2669 7139 4105 4552 5021 6906
27 4501 1712 1410 9384 6444 2775 7988 1821 7045 4178 8857 7949 9010 628 1719 8908 3884 6336 3372 2515 9639 9225 8522 2175 5609 7593 5065
31 3171 1113 7698 5387 5829 5945 2391 9725 6944 5183 1259 9067 7108 7701 4851 2741 2187 4051 1910 1394 4216 7263 8739 88 859 860 8374 6498 9995 1864 9418
26 8044 7611 2048 6211 6446 8518 9442 5023 5793 5480 5291 8231 1642 1135 6837 3960 1903 3549 8703 9541 423 5300 8363 9347 1350 9556
30 4397 2496 5973 4006 5516 9937 4137 425 9733 2595 9368 6773 109 2645 7075 6166 2821 1763 7433 7372 885 4624 7857 7228 5515 5549 3328 5375 4419 7234
26 2996 6425 6168 3764 6822 1689 243 8655 9562 6098 8371 5220 9421 9119 5037 3891 9801 6333 9638 2160 7644 7604 731 2119 8187 7805
24 3353 7343 7380 3064 5456 7980 5857 2313 5343 5508 1104 7531 6510 7882 8200 8996 6760 5616 4041 1129 640 2054 4683 8879
29 6257 5185 9621 9761 8266 5433 8036 6473 4489 1493 1371 5200 3974 7739 2185 6851 9323 1581 5463 2688 1534 9318 5009 651 103 1184 3901 2155 1355
29 8372 8152 702 5534 4200 7870 2331 2843 7812 3637 8294 4906 9303 339 1892 5746 9659 1216 1234 3526 1506 2392 18 485 9962 1071 4791 7608 3386
27 4922 665 3746 979 8006 7296 8000 7580 6268 4497 5282 9279 8348 7681 904 4541 3255 9009 9684 3613 2360 8203 7770 8596 8819 7187 2388
29 9601 328 9584 3312 1499 5005 6027 9571 7660 3086 2735 9839 6354 6025 2235 4779 5842 6223 6689 9896 7783 6700 3413 6281 7717 749 8682 5991 3232
30 1752 7704 6578 3682 7279 7488 6221 4465 8486 7419 9281 5018 865 198 2369 8688 6384 1403 1578 5636 6803 1343 6477 5358 3542 1682 2498 7553 9481 7364
30 8669 7402 9052 6200 6005 8250 1750 3904 2310 7680 7503 545 7554 8426 7853 1567 9387 5252 2690 2997 7160 6514 4234 5710 735 2812 5725 5569 9748 8816
29 2586 6151 1976 2479 1715 171 3703 7538 9362 1797 4990 2397 1034 1774 8597 1571 4946 5212 5977 463 3999 562 1902 464 4973 4352 7839 6843 5211
28 8440 928 2253 571 6746 3272 3715 5687 532 4344 6780 1701 6228 9196 3672 3928 3007 7874 2628 1982 876 1546 7523 2844 8416 8589 4097 7134
26 1386 9635 9933 1985 1588 35 1322 6615 5301 2802 9332 2389 143 643 2508 6204 1351 4868 1563 9226 7113 5190 6887 121 2902 98
26 7760 9826 8434 2524 1260 1969 8500 6163 4334 8191 3926 178 3108 3129 5487 7141 3394 136 5328 8633 754 4459 2308 1295 7424 9848
28 9890 4662 6595 3698 3268 2343 4530 9055 7393 1897 2009 5279 3631 2705 2589 914 2283 4750 4780 7095 3750 3586 2926 1937 5559 950 946 977
28 9246 6729 5115 6936 5207 931 8462 6409 4527 4857 3431 39 8020 2082 2342 4727 4648 7143 1940 9775 723 8852 5342 2709 8750 1255 1150 8180
28 816 5564 49 6102 2212 1373 674 3158 620 2030 8347 1003 1458 7515 1840 222 3805 4143 591 7211 7092 1646 8962 2478 7856 1672 6639 4678
27 9872 7015 5127 1152 1441 4933 2489 4724 1242 7407 4591 5441 7509 7099 6540 9011 6353 744 1591 6346 7454 9603 4222 2170 1323 5953 4331
26 2297 4797 2069 3866 2358 7110 1258 22 670 6256 1389 6192 4226 7196 6466 8563 3140 366 1529 1686 2885 8830 6442 1503 5033 6413
27 2146 8568 3772 1014 8829 837 4323 5296 1317 1435 9309 4448 7310 5001 756 5103 6571 1432 708 7619 3729 5391 480 9767 6404 2530 2630
24 3060 6928 8282 1558 4553 6437 902 6230 3791 8976 6114 4602 6439 8217 3325 268 9401 4508 8202 6659 1981 6673 3285 6537
26 1492 5938 659 4629 6485 3091 8920 6971 4363 3925 2120 6143 8886 6742 7779 884 5733 6020 5165 2240 5140 932 4510 2264 4437 4866
30 1826 7229 8134 273 3139 6242 9825 6676 311 3912 925 594 3194 8448 3094 6757 9122 3740 4534 4911 1201 4253 3726 898 5665 9524 8935 9463 2915 6806
30 8786 9951 4966 3150 1758 2992 4734 7993 4736 7610 3494 7990 9068 1294 7587 9430 6282 1832 4555 7292 8866 7133 847 1945 9305 3498 1930 4412 2059 6625
27 6599 8835 4481 1036 2384 3391 1236 9622 8741 1549 9921 2325 7056 1905 6629 8242 2341 6628 6045 5034 1026 3561 8763 2819 7100 3422 4916
28 7662 3288 8977 1745 5416 3346 0 3770 9270 9634 8859 3241 2967 6846 2130 3013 478 2344 7067 3874 2089 8929 889 4619 7029 1369 7655 9700
29 2139 4802 8936 1994 3348 848 5142 5384 8213 9089 6449 239 9414 6414 2206 8960 4482 4763 1296 4563 9496 7658 695 5702 1279 12 5507 8167 8629
29 7313 7984 8415 6234 6177 3623 2429 7872 5769 8466 9482 1176 2811 4633 1866 193 9169 755 3638 6199 5283 5544 3725 8738 2896 2721 192 8959 6142
24 9538 8657 4507 5566 1241 8257 6267 9149 9548 2502 6684 2615 6696 5643 3231 3248 9337 9269 2190 8576 8535 5261 5276 224
24 445 8366 9227 7191 5868 6816 7359 576 2931 4582 228 430 1103 4207 8757 1058 7497 7469 7687 3369 8559 4762 6264 470
27 3704 5245 9632 1465 9489 6309 8235 2832 5523 4888 7767 3058 6582 3368 2939 9355 8982 3885 4924 272 9062 1318 4907 7542 3931 6149 7534
23 7539 487 4824 9640 4639 3170 4588 2989 8253 6454 4992 680 9273 5978 7676 3031 9237 6131 506 8905 7897 5386 8941
27 1191 8523 1040 7014 1926 7769 740 8572 3604 2318 4055 1680 3982 3543 4218 4167 8087 4609 7961 8161 9386 2002 5243 312 3800 7804 4977
29 395 2813 3921 3126 2701 9302 4472 9289 9531 9254 360 6707 6814 1144 8094 7346 669 8029 7476 7634 8881 4427 2566 3438 8058 9947 2008 9410 5690
27 4182 5472 2169 9428 5368 9456 4969 9059 4004 5100 6357 6586 8552 3284 729 6895 2237 4335 7437 1338 8331 6270 8729 5232 4840 4827 2634
29 5777 6482 5910 5675 5126 9329 3647 597 70 4818 8769 2682 5994 6624 6607 263 6877 5123 1426 3395 317 195 9253 8146 2041 7837 4707 8753 7649
26 4115 288 6794 4858 9078 4263 5763 2097 5951 4028 4428 8384 2739 3853 2133 3945 8705 4554 6834 3538 5558 5091 1209 5548 578 7886
26 5160 5984 6046 2841 4887 1131 134 3984 7111 7330 4383 3456 7258 9763 7656 407 2975 7070 8600 5715 1538 8164 4224 9094 6952 3082
25 23 612 2785 450 8717 1293 3300 2542 7336 8106 259 1308 9325 2309 5572 6468 9938 5735 1570 4741 566 9383 4540 4789 4300
27 5801 6992 2604 2876 7986 9980 232 4313 1917 9798 5121 4440 116 2790 5427 1552 1047 354 7285 4899 7814 8163 8287 5016 7968 4775 6207
29 1377 7183 9378 3050 7992 3122 4282 8263 204 9720 4988 2548 8591 6060 7948 3674 999 2181 3737 7051 1569 8785 8951 5184 4664 9900 145 9015 2681
22 9561 8464 504 1238 7981 9436 3774 8677 2020 2833 2893 3599 618 9162 7646 2750 5623 7567 25 516 2556 6804
32 1134 7318 563 404 9263 163 703 6036 9461 8316 7765 8668 9173 8734 1436 5839 1439 101 1789 6120 4595 5602 3282 8809 3577 809 8567 7106 2544 9349 2952 4644
28 6197 3533 528 9559 3557 9027 5706 9356 9939 565 2943 4401 359 6174 153 2753 6106 3824 9758 8825 8136 5575 2626 7164 9904 3467 1559 6279
25 3076 7115 61 3811 3036 4307 1725 2788 7651 2062 5828 9845 4420 4471 7171 7750 8491 8800 3445 9341 3070 1877 796 2431 9914
31 9213 2332 8481 5349 9150 949 319 4385 1679 6233 1749 8616 2066 4601 9334 8148 8497 500 8692 4606 7140 4613 7306 197 2990 427 9894 5591 7270 4871 5453
28 3815 6640 1139 5263 1390 3731 7299 2794 793 9420 5983 6460 428 3801 3437 3535 6288 5458 3097 3053 8902 7551 8197 2571 3589 1928 7908 5193
26 3611 5966 1175 9590 956 9648 3500 5856 1419 2153 6010 8015 9290 1221 6850 6400 8444 4781 2461 8079 4121 1978 8981 8776 3769 3116
30 8267 9787 7982 1278 4126 3443 1593 1342 5802 5055 9090 5533 6601 2800 7088 8422 2658 8843 6759 1286 3566 5745 3307 5792 372 8555 6783 1615 8412 4625
28 1143 5112 9175 5181 7286 1639 380 5012 4822 6224 8538 2724 3377 6321 2475 7499 461 772 8767 2932 9715 1633 8736 9244 8270 4235 1990 2338
30 9155 5886 968 3291 4983 8746 2591 8022 4880 2132 7727 8967 6882 5691 9800 6502 2193 14 4610 2700 1084 4203 3087 3165 6858 6709 2510 3057 3159 4821
25 1942 5613 5209 3560 3680 6049 7117 4325 893 4281 5699 115 9672 5443 492 4509 3293 4399 3089 7530 1669 737 6377 6542 2451
29 7674 553 8624 5436 513 9975 6550 1219 833 7195 8956 1483 1482 7033 6111 1828 4738 3880 7283 7325 2486 3309 4409 8811 8043 6181 7951 4512 7540
24 5147 416 8130 8615 9874 3225 7878 8642 2260 9222 1853 9830 4305 7366 5814 5019 3996 2250 2962 1958 4026 8487 5178 3301
29 2734 5532 9304 4710 1794 8727 8649 1610 6860 1849 258 3095 9002 4277 2287 9040 6343 4879 6132 7085 8508 4449 8818 9766 9788 4695 8268 4014 6588
27 4616 6093 2482 6237 8884 5499 5157 6919 530 9178 1899 1695 8752 5426 5627 7103 97 1722 5004 9608 4721 3588 9208 6028 3024 6598 960
30 9360 1896 2793 9131 6284 8421 2439 7768 5397 2924 8813 7157 7344 512 5479 1502 9473 454 3843 2471 6101 2824 1287 6358 5650 6397 2400 7965 3808 1622
28 5482 8952 69 1907 5058 5875 6854 3156 1189 7942 5404 2818 8509 895 8362 7758 9276 5816 5111 7266 7204 4324 8451 2796 6867 951 2901 7887
25 6227 5041 40 2037 5460 7773 6658 150 4938 3388 6708 3606 7072 9796 7626 7943 7956 3591 6139 8747 218 6136 6159 8768 5208
28 9498 8971 9755 3762 5066 4278 3669 2409 6793 2846 8944 1228 4667 2577 9160 8140 3370 2695 1156 2988 9532 5762 4176 3352 4995 7741 561 2810
24 2091 5595 3951 3845 4627 2771 9954 3608 8691 7663 2576 95 5409 2466 5422 9920 3296 2934 8556 7647 9099 8060 2143 5284
23 280 1339 6664 5826 3671 1160 2289 3508 9300 2683 9344 5270 6644 1858 4752 1729 9493 2987 9886 8782 9869 6189 6898
27 1568 6214 8850 6961 1197 5797 7896 3830 4341 2513 5963 6367 2314 6716 210 9283 4656 9998 6555 1072 5011 7197 7998 1181 6633 1791 849
27 4974 1051 4976 1804 2242 2158 8274 6344 203 7863 5289 3449 7130 4669 4570 2792 355 9897 8086 8664 1687 9657 7440 3547 4680 2786 7911
25 2265 667 9627 792 466 3130 9760 8659 5847 3893 6253 8436 3389 3213 4106 1741 9530 4142 3223 9259 6583 9878 1820 9164 5002
32 4119 8546 2858 2906 9816 6016 6500 7944 402 5457 5570 6675 7415 4124 7275 2913 527 7321 2549 5648 2660 1803 6297 707 7451 6501 4505 3946 9003 2957 1177 3810
32 7633 726 6416 6459 5448 1787 939 2738 9457 2274 2919 3398 3402 1915 6115 6182 9959 7102 2889 5174 4453 9807 4854 6880 4729 1328 692 7677 8236 119 2406 7414
26 5944 552 7161 6445 1016 1604 6205 8292 2983 1120 4647 2780 3303 2010 9588 8972 211 608 5866 8456 2405 5795 3308 4353 4635 2507
27 1764 3630 874 3410 7572 7777 3018 9919 7830 4546 4128 5546 9630 2697 1710 7093 6691 9245 8010 6273 4061 4271 573 5845 7841 503 2367
30 4447 7494 3471 4543 5151 3049 4828 6553 6331 3565 4435 4136 7007 3983 6119 8758 1623 2941 2192 3935 3200 9198 826 1374 9020 7463 448 4422 9296 1099
29 2517 314 3501 1275 4622 8046 6411 2908 1411 8687 2230 6069 3277 9809 8248 5840 8842 559 9757 7737 6853 1101 1475 4296 1112 8770 4600 1027 2494
33 1785 2365 3598 9079 3177 1670 9165 9467 4193 2654 1852 4047 8832 292 9736 4488 5622 8461 1224 905 9644 945 1251 5339 6801 3163 2063 8533 4291 8658 5698 1367 4576
28 596 4236 1066 3259 5318 2609 6393 720 465 5440 3955 4952 5118 6951 1621 9877 6649 9641 5335 6122 9114 6316 6569 5110 4811 8743 6842 202
30 3216 6463 2769 3518 5020 3332 6299 9599 7338 3821 6097 5412 9628 2743 278 6545 4522 7218 3261 9429 6023 9137 7269 5518 4468 6339 4228 8409 5050 3021
30 2452 9696 9797 4219 2239 589 9546 8620 1525 1427 3228 3020 6352 7962 4351 8223 611 4693 414 5841 9730 6788 4208 4242 4336 2976 9863 6012 5216 7264
26 2921 4166 498 6983 6504 1243 1299 1932 9737 3330 6862 4100 6206 412 6208 5827 1450 7241 7971 4744 4173 5571 2537 2487 5877 5273
26 862 3119 2954 7060 9752 7668 8569 3777 2799 1349 1045 4696 2944 8109 6438 5567 7129 6527 7573 9944 5676 9176 8542 2523 836 7820
29 6428 138 8400 6970 1520 1178 2279 1245 2687 4831 8258 8245 1709 3839 2534 3461 5731 4310 8023 4202 1649 4663 1827 9364 9221 9277 6828 8225 8265
28 8346 3339 4909 952 2166 2295 6519 6979 4413 615 9545 2092 6941 8864 5067 4112 7994 7225 176 797 3578 7052 7154 7280 5430 8916 8945 1212
27 1833 5941 4214 9984 291 1515 8933 3299 9327 2629 5124 9655 3136 6337 5716 2300 2292 8973 2641 2377 6981 3111 20 321 5562 6179 63
24 5557 9104 8052 9790 473 4758 4229 4431 2946 3464 623 2714 7236 3068 8984 3357 3523 8157 9789 9342 6490 3958 8683 7021
29 6897 2418 9039 9899 5144 6554 9121 3803 8460 6824 2286 5329 7404 1091 5909 1052 4139 7155 5415 9521 4029 5709 7714 8241 8165 8484 7817 3472 6787
30 3209 7030 182 8286 4717 1560 6966 4730 4673 4048 2562 5059 9821 1920 4749 5230 2872 3650 6807 4596 6792 7041 6107 5576 942 4297 2268 8290 1106 4037
27 9443 523 5334 6250 906 4573 4567 8375 1344 2525 2071 3546 4873 3147 7290 9547 9098 8720 3569 8301 8101 7895 4531 3734 7764 1533 8311
24 1539 6687 747 3612 5680 6464 2096 1028 790 2867 997 7860 7276 8095 4244 8587 5554 2449 4024 5437 2197 5582 6008 1946
25 5097 3991 6871 7575 3836 2057 7349 7931 1290 9497 9311 6741 2015 8867 1161 8900 104 8998 6661 7683 638 4590 4256 5707 2779
30 3025 1437 6497 8566 9190 7185 9235 4134 5369 8238 7190 7811 8931 2877 1952 3942 6426 1068 418 2407 8643 3077 2361 7862 5085 5864 9912 9064 1522 124
25 4474 5298 2394 5218 1802 5071 8889 8337 4294 2551 5786 6180 8034 3056 5750 5929 5172 8836 9065 7711 7413 4895 7852 4923 2661
28 27 6796 2472 2353 8966 4076 8718 1541 6547 8262 7761 4921 5442 5451 3382 6470 8490 4146 6104 3408 9779 148 5888 8252 6907 9045 1697 9958
28 4581 5529 3350 7416 6995 610 3520 2917 5821 1883 168 4032 2014 3514 5214 6306 5236 1624 725 4209 1527 3141 9759 3451 3349 6217 6974 2994
22 8404 3643 3987 8906 3851 4377 6236 7097 9593 3721 6272 4862 6220 6714 8321 6900 9102 3572 5521 5459 6573 2925
27 7148 1556 4769 7650 8526 6538 3678 1423 2100 1867 9057 2977 5330 6100 2757 6905 2271 8608 2871 3593 880 6077 4138 9710 5491 7903 6441
24 7382 7569 9685 1756 791 5784 2207 8122 4021 6728 7682 4883 3574 5692 508 1901 7391 2619 2732 2491 262 4682 7934 9343
29 993 3145 6493 2930 8798 7693 5293 2176 8499 9917 7213 2017 4160 3477 5525 3605 2226 1632 8116 7027 763 4245 7600 8788 1227 4872 788 1653 9212
27 1359 5195 170 1597 3412 9745 2194 2183 9110 7355 5497 782 9217 264 5531 2333 2045 4770 7 5250 8648 9667 2749 8978 2585 9882 9255
30 2234 8103 2772 7436 6866 7142 8904 6472 1256 1548 778 2878 6878 8066 2424 6365 4843 7881 3378 2127 2180 206 4036 6053 2567 1486 4698 6332 8443 2485
